2023-06-14 20:19:17.418 [info] Log level: Info
2023-06-14 20:19:17.418 [info] Validating found git in: "git"
2023-06-14 20:19:17.418 [info] Using git "2.34.1" from "git"
2023-06-14 20:19:17.418 [info] > git rev-parse --show-toplevel [27ms]
2023-06-14 20:19:17.418 [info] fatal: not a git repository (or any of the parent directories): .git
2023-06-14 20:19:17.418 [info] > git rev-parse --show-toplevel [10ms]
2023-06-14 20:19:17.418 [info] fatal: not a git repository (or any of the parent directories): .git
2023-06-14 20:19:17.418 [info] > git rev-parse --show-toplevel [0ms]
2023-06-14 20:19:17.418 [info] fatal: not a git repository (or any of the parent directories): .git
2023-06-14 20:19:17.418 [info] > git rev-parse --show-toplevel [2ms]
2023-06-14 20:19:17.418 [info] fatal: not a git repository (or any of the parent directories): .git
2023-06-14 20:19:17.418 [info] > git rev-parse --show-toplevel [2ms]
2023-06-14 20:19:17.418 [info] fatal: not a git repository (or any of the parent directories): .git
2023-06-14 20:19:17.418 [info] > git rev-parse --show-toplevel [1ms]
2023-06-14 20:19:17.418 [info] > git rev-parse --git-dir --git-common-dir [1ms]
2023-06-14 20:19:17.418 [info] Open repository: /home/jmat/UEFI-DataBase-F
2023-06-14 20:19:17.418 [info] > git rev-parse --show-toplevel [5ms]
2023-06-14 20:19:17.418 [info] fatal: not a git repository (or any of the parent directories): .git
2023-06-14 20:19:17.418 [info] > git config --get commit.template [4ms]
2023-06-14 20:19:17.418 [info] > git rev-parse --show-toplevel [5ms]
2023-06-14 20:19:17.419 [info] > git for-each-ref --format=%(refname)%00%(upstream:short)%00%(objectname)%00%(upstream:track)%00%(upstream:remotename)%00%(upstream:remoteref) refs/heads/main refs/remotes/main [5ms]
2023-06-14 20:19:17.419 [info] > git rev-parse --git-dir --git-common-dir [5ms]
2023-06-14 20:19:17.419 [info] Open repository: /home/jmat/elk-docker
2023-06-14 20:19:17.419 [info] > git status -z -uall [16ms]
2023-06-14 20:19:17.419 [info] > git rev-parse --show-toplevel [5ms]
2023-06-14 20:19:17.419 [info] fatal: not a git repository (or any of the parent directories): .git
2023-06-14 20:19:17.419 [info] > git rev-parse --show-toplevel [11ms]
2023-06-14 20:19:17.419 [info] fatal: not a git repository (or any of the parent directories): .git
2023-06-14 20:19:17.419 [info] > git config --get commit.template [16ms]
2023-06-14 20:19:17.419 [info] > git rev-parse --show-toplevel [2ms]
2023-06-14 20:19:17.419 [info] fatal: not a git repository (or any of the parent directories): .git
2023-06-14 20:19:17.419 [info] > git config --get commit.template [7ms]
2023-06-14 20:19:17.419 [info] > git rev-parse --show-toplevel [7ms]
2023-06-14 20:19:17.419 [info] fatal: not a git repository (or any of the parent directories): .git
2023-06-14 20:19:17.419 [info] > git for-each-ref --format=%(refname)%00%(upstream:short)%00%(objectname)%00%(upstream:track)%00%(upstream:remotename)%00%(upstream:remoteref) refs/heads/master refs/remotes/master [7ms]
2023-06-14 20:19:17.419 [info] > git status -z -uall [22ms]
2023-06-14 20:19:17.419 [info] > git for-each-ref --format=%(refname)%00%(upstream:short)%00%(objectname)%00%(upstream:track)%00%(upstream:remotename)%00%(upstream:remoteref) refs/heads/main refs/remotes/main [29ms]
2023-06-14 20:19:17.419 [info] > git status -z -uall [3ms]
2023-06-14 20:19:17.419 [info] > git config --get commit.template [4ms]
2023-06-14 20:19:17.419 [info] > git for-each-ref --format=%(refname)%00%(upstream:short)%00%(objectname)%00%(upstream:track)%00%(upstream:remotename)%00%(upstream:remoteref) refs/heads/master refs/remotes/master [2ms]
2023-06-14 20:19:17.419 [info] > git status -z -uall [2ms]
2023-06-14 20:19:17.419 [info] > git fetch [464ms]
2023-06-14 20:19:17.419 [info] > git config --get commit.template [0ms]
2023-06-14 20:19:17.419 [info] > git for-each-ref --format=%(refname)%00%(upstream:short)%00%(objectname)%00%(upstream:track)%00%(upstream:remotename)%00%(upstream:remoteref) refs/heads/master refs/remotes/master [1ms]
2023-06-14 20:19:17.419 [info] > git status -z -uall [2ms]
2023-06-14 20:19:17.419 [info] > git rev-parse --show-toplevel [1ms]
2023-06-14 20:19:17.419 [info] fatal: not a git repository (or any of the parent directories): .git
2023-06-14 20:19:17.419 [info] > git check-ignore -v -z --stdin [5ms]
2023-06-14 20:19:17.419 [info] > git check-ignore -v -z --stdin [2ms]
2023-06-14 20:19:17.419 [info] > git rev-parse --show-toplevel [0ms]
2023-06-14 20:19:17.419 [info] fatal: not a git repository (or any of the parent directories): .git
2023-06-14 20:19:17.419 [info] > git rev-parse --show-toplevel [2ms]
2023-06-14 20:19:17.419 [info] fatal: not a git repository (or any of the parent directories): .git
2023-06-14 20:19:17.419 [info] > git rev-parse --show-toplevel [1ms]
2023-06-14 20:19:17.419 [info] fatal: not a git repository (or any of the parent directories): .git
2023-06-14 20:19:17.419 [info] > git rev-parse --show-toplevel [8ms]
2023-06-14 20:19:17.419 [info] fatal: not a git repository (or any of the parent directories): .git
2023-06-14 20:19:18.124 [info] > git fetch [1429ms]
2023-06-14 20:19:18.124 [info] Missing or invalid credentials.
Skip silent fetch commands
2023-06-14 20:19:18.133 [info] > git config --get commit.template [4ms]
2023-06-14 20:19:18.133 [info] > git for-each-ref --format=%(refname)%00%(upstream:short)%00%(objectname)%00%(upstream:track)%00%(upstream:remotename)%00%(upstream:remoteref) refs/heads/main refs/remotes/main [2ms]
2023-06-14 20:19:18.137 [info] > git status -z -uall [1ms]
2023-06-14 20:19:18.516 [info] > git config --get commit.template [5ms]
2023-06-14 20:19:18.517 [info] > git for-each-ref --format=%(refname)%00%(upstream:short)%00%(objectname)%00%(upstream:track)%00%(upstream:remotename)%00%(upstream:remoteref) refs/heads/master refs/remotes/master [1ms]
2023-06-14 20:19:18.522 [info] > git status -z -uall [2ms]
2023-06-14 20:19:25.075 [info] > git check-ignore -v -z --stdin [1ms]
2023-06-14 20:19:28.052 [info] > git check-ignore -v -z --stdin [1ms]
