2023-06-14 20:22:22.176 [info] Log level: Info
2023-06-14 20:22:22.176 [info] Validating found git in: "git"
2023-06-14 20:22:22.176 [info] Using git "2.34.1" from "git"
2023-06-14 20:22:22.176 [info] > git rev-parse --show-toplevel [25ms]
2023-06-14 20:22:22.176 [info] fatal: not a git repository (or any of the parent directories): .git
2023-06-14 20:22:22.176 [info] > git rev-parse --show-toplevel [2ms]
2023-06-14 20:22:22.176 [info] fatal: not a git repository (or any of the parent directories): .git
2023-06-14 20:22:22.176 [info] > git rev-parse --show-toplevel [2ms]
2023-06-14 20:22:22.176 [info] fatal: not a git repository (or any of the parent directories): .git
2023-06-14 20:22:22.176 [info] > git rev-parse --show-toplevel [1ms]
2023-06-14 20:22:22.177 [info] fatal: not a git repository (or any of the parent directories): .git
2023-06-14 20:22:22.177 [info] > git rev-parse --show-toplevel [1ms]
2023-06-14 20:22:22.177 [info] fatal: not a git repository (or any of the parent directories): .git
2023-06-14 20:22:22.177 [info] > git rev-parse --show-toplevel [0ms]
2023-06-14 20:22:22.177 [info] fatal: not a git repository (or any of the parent directories): .git
2023-06-14 20:22:22.177 [info] > git rev-parse --show-toplevel [1ms]
2023-06-14 20:22:22.177 [info] > git rev-parse --git-dir --git-common-dir [5ms]
2023-06-14 20:22:22.177 [info] Open repository: /home/jmat/UEFI-DataBase-F
2023-06-14 20:22:22.177 [info] > git rev-parse --show-toplevel [4ms]
2023-06-14 20:22:22.177 [info] fatal: not a git repository (or any of the parent directories): .git
2023-06-14 20:22:22.177 [info] > git config --get commit.template [4ms]
2023-06-14 20:22:22.177 [info] > git rev-parse --show-toplevel [1ms]
2023-06-14 20:22:22.177 [info] > git for-each-ref --format=%(refname)%00%(upstream:short)%00%(objectname)%00%(upstream:track)%00%(upstream:remotename)%00%(upstream:remoteref) refs/heads/main refs/remotes/main [2ms]
2023-06-14 20:22:22.177 [info] > git rev-parse --git-dir --git-common-dir [7ms]
2023-06-14 20:22:22.177 [info] Open repository: /home/jmat/elk-docker
2023-06-14 20:22:22.177 [info] > git status -z -uall [14ms]
2023-06-14 20:22:22.177 [info] > git rev-parse --show-toplevel [4ms]
2023-06-14 20:22:22.177 [info] fatal: not a git repository (or any of the parent directories): .git
2023-06-14 20:22:22.177 [info] > git rev-parse --show-toplevel [10ms]
2023-06-14 20:22:22.177 [info] fatal: not a git repository (or any of the parent directories): .git
2023-06-14 20:22:22.177 [info] > git config --get commit.template [16ms]
2023-06-14 20:22:22.177 [info] > git rev-parse --show-toplevel [1ms]
2023-06-14 20:22:22.177 [info] fatal: not a git repository (or any of the parent directories): .git
2023-06-14 20:22:22.177 [info] > git config --get commit.template [7ms]
2023-06-14 20:22:22.177 [info] > git rev-parse --show-toplevel [6ms]
2023-06-14 20:22:22.177 [info] fatal: not a git repository (or any of the parent directories): .git
2023-06-14 20:22:22.177 [info] > git for-each-ref --format=%(refname)%00%(upstream:short)%00%(objectname)%00%(upstream:track)%00%(upstream:remotename)%00%(upstream:remoteref) refs/heads/main refs/remotes/main [4ms]
2023-06-14 20:22:22.177 [info] > git for-each-ref --format=%(refname)%00%(upstream:short)%00%(objectname)%00%(upstream:track)%00%(upstream:remotename)%00%(upstream:remoteref) refs/heads/master refs/remotes/master [8ms]
2023-06-14 20:22:22.177 [info] > git status -z -uall [4ms]
2023-06-14 20:22:22.177 [info] > git rev-parse --show-toplevel [9ms]
2023-06-14 20:22:22.177 [info] fatal: not a git repository (or any of the parent directories): .git
2023-06-14 20:22:22.177 [info] > git status -z -uall [6ms]
2023-06-14 20:22:22.177 [info] > git config --get commit.template [0ms]
2023-06-14 20:22:22.177 [info] > git for-each-ref --format=%(refname)%00%(upstream:short)%00%(objectname)%00%(upstream:track)%00%(upstream:remotename)%00%(upstream:remoteref) refs/heads/master refs/remotes/master [1ms]
2023-06-14 20:22:22.177 [info] > git status -z -uall [4ms]
2023-06-14 20:22:22.177 [info] > git fetch [453ms]
2023-06-14 20:22:22.177 [info] > git config --get commit.template [3ms]
2023-06-14 20:22:22.177 [info] > git for-each-ref --format=%(refname)%00%(upstream:short)%00%(objectname)%00%(upstream:track)%00%(upstream:remotename)%00%(upstream:remoteref) refs/heads/master refs/remotes/master [1ms]
2023-06-14 20:22:22.177 [info] > git status -z -uall [1ms]
2023-06-14 20:22:22.177 [info] > git rev-parse --show-toplevel [1ms]
2023-06-14 20:22:22.177 [info] fatal: not a git repository (or any of the parent directories): .git
2023-06-14 20:22:22.177 [info] > git rev-parse --show-toplevel [1ms]
2023-06-14 20:22:22.177 [info] fatal: not a git repository (or any of the parent directories): .git
2023-06-14 20:22:22.177 [info] > git rev-parse --show-toplevel [9ms]
2023-06-14 20:22:22.177 [info] fatal: not a git repository (or any of the parent directories): .git
2023-06-14 20:22:22.177 [info] > git rev-parse --show-toplevel [1ms]
2023-06-14 20:22:22.177 [info] fatal: not a git repository (or any of the parent directories): .git
2023-06-14 20:22:22.177 [info] > git rev-parse --show-toplevel [1ms]
2023-06-14 20:22:22.177 [info] fatal: not a git repository (or any of the parent directories): .git
2023-06-14 20:22:22.177 [info] > git rev-parse --show-toplevel [1ms]
2023-06-14 20:22:22.177 [info] fatal: not a git repository (or any of the parent directories): .git
2023-06-14 20:22:23.060 [info] > git fetch [1633ms]
2023-06-14 20:22:23.061 [info] Missing or invalid credentials.
Skip silent fetch commands
2023-06-14 20:22:23.067 [info] > git config --get commit.template [3ms]
2023-06-14 20:22:23.068 [info] > git for-each-ref --format=%(refname)%00%(upstream:short)%00%(objectname)%00%(upstream:track)%00%(upstream:remotename)%00%(upstream:remoteref) refs/heads/main refs/remotes/main [1ms]
2023-06-14 20:22:23.071 [info] > git status -z -uall [1ms]
2023-06-14 20:22:23.145 [info] > git config --get commit.template [1ms]
2023-06-14 20:22:23.149 [info] > git for-each-ref --format=%(refname)%00%(upstream:short)%00%(objectname)%00%(upstream:track)%00%(upstream:remotename)%00%(upstream:remoteref) refs/heads/master refs/remotes/master [1ms]
2023-06-14 20:22:23.153 [info] > git status -z -uall [2ms]
2023-06-14 20:22:24.087 [info] > git config --get commit.template [4ms]
2023-06-14 20:22:24.088 [info] > git for-each-ref --format=%(refname)%00%(upstream:short)%00%(objectname)%00%(upstream:track)%00%(upstream:remotename)%00%(upstream:remoteref) refs/heads/main refs/remotes/main [1ms]
2023-06-14 20:22:24.092 [info] > git status -z -uall [1ms]
