2023-06-14 20:01:20.962 [info] Log level: Info
2023-06-14 20:01:20.962 [info] Validating found git in: "git"
2023-06-14 20:01:20.962 [info] Using git "2.34.1" from "git"
2023-06-14 20:01:20.962 [info] > git rev-parse --show-toplevel [24ms]
2023-06-14 20:01:20.962 [info] fatal: not a git repository (or any of the parent directories): .git
2023-06-14 20:01:20.962 [info] > git rev-parse --show-toplevel [1ms]
2023-06-14 20:01:20.962 [info] fatal: not a git repository (or any of the parent directories): .git
2023-06-14 20:01:20.962 [info] > git rev-parse --show-toplevel [1ms]
2023-06-14 20:01:20.962 [info] fatal: not a git repository (or any of the parent directories): .git
2023-06-14 20:01:20.962 [info] > git rev-parse --show-toplevel [1ms]
2023-06-14 20:01:20.962 [info] fatal: not a git repository (or any of the parent directories): .git
2023-06-14 20:01:20.962 [info] > git rev-parse --show-toplevel [0ms]
2023-06-14 20:01:20.962 [info] fatal: not a git repository (or any of the parent directories): .git
2023-06-14 20:01:20.962 [info] > git rev-parse --show-toplevel [1ms]
2023-06-14 20:01:20.962 [info] fatal: not a git repository (or any of the parent directories): .git
2023-06-14 20:01:20.962 [info] > git rev-parse --show-toplevel [1ms]
2023-06-14 20:01:20.962 [info] > git rev-parse --git-dir --git-common-dir [1ms]
2023-06-14 20:01:20.962 [info] Open repository: /home/jmat/UEFI-DataBase-F
2023-06-14 20:01:20.963 [info] > git rev-parse --show-toplevel [5ms]
2023-06-14 20:01:20.963 [info] fatal: not a git repository (or any of the parent directories): .git
2023-06-14 20:01:20.963 [info] > git config --get commit.template [5ms]
2023-06-14 20:01:20.963 [info] > git rev-parse --show-toplevel [1ms]
2023-06-14 20:01:20.963 [info] > git for-each-ref --format=%(refname)%00%(upstream:short)%00%(objectname)%00%(upstream:track)%00%(upstream:remotename)%00%(upstream:remoteref) refs/heads/main refs/remotes/main [2ms]
2023-06-14 20:01:20.963 [info] > git rev-parse --git-dir --git-common-dir [9ms]
2023-06-14 20:01:20.963 [info] Open repository: /home/jmat/elk-docker
2023-06-14 20:01:20.963 [info] > git status -z -uall [16ms]
2023-06-14 20:01:20.963 [info] > git config --get commit.template [11ms]
2023-06-14 20:01:20.963 [info] > git rev-parse --show-toplevel [15ms]
2023-06-14 20:01:20.963 [info] fatal: not a git repository (or any of the parent directories): .git
2023-06-14 20:01:20.963 [info] > git rev-parse --show-toplevel [1ms]
2023-06-14 20:01:20.963 [info] fatal: not a git repository (or any of the parent directories): .git
2023-06-14 20:01:20.963 [info] > git config --get commit.template [8ms]
2023-06-14 20:01:20.963 [info] > git rev-parse --show-toplevel [7ms]
2023-06-14 20:01:20.963 [info] fatal: not a git repository (or any of the parent directories): .git
2023-06-14 20:01:20.963 [info] > git for-each-ref --format=%(refname)%00%(upstream:short)%00%(objectname)%00%(upstream:track)%00%(upstream:remotename)%00%(upstream:remoteref) refs/heads/main refs/remotes/main [5ms]
2023-06-14 20:01:20.963 [info] > git for-each-ref --format=%(refname)%00%(upstream:short)%00%(objectname)%00%(upstream:track)%00%(upstream:remotename)%00%(upstream:remoteref) refs/heads/master refs/remotes/master [11ms]
2023-06-14 20:01:20.963 [info] > git status -z -uall [13ms]
2023-06-14 20:01:20.963 [info] > git status -z -uall [10ms]
2023-06-14 20:01:20.963 [info] > git rev-parse --show-toplevel [19ms]
2023-06-14 20:01:20.963 [info] fatal: not a git repository (or any of the parent directories): .git
2023-06-14 20:01:20.963 [info] > git rev-parse --show-toplevel [3ms]
2023-06-14 20:01:20.963 [info] fatal: not a git repository (or any of the parent directories): .git
2023-06-14 20:01:20.963 [info] > git config --get commit.template [4ms]
2023-06-14 20:01:20.963 [info] > git for-each-ref --format=%(refname)%00%(upstream:short)%00%(objectname)%00%(upstream:track)%00%(upstream:remotename)%00%(upstream:remoteref) refs/heads/master refs/remotes/master [1ms]
2023-06-14 20:01:20.963 [info] > git status -z -uall [2ms]
2023-06-14 20:01:20.963 [info] > git fetch [485ms]
2023-06-14 20:01:20.963 [info] > git config --get commit.template [4ms]
2023-06-14 20:01:20.963 [info] > git for-each-ref --format=%(refname)%00%(upstream:short)%00%(objectname)%00%(upstream:track)%00%(upstream:remotename)%00%(upstream:remoteref) refs/heads/master refs/remotes/master [1ms]
2023-06-14 20:01:20.963 [info] > git status -z -uall [2ms]
2023-06-14 20:01:20.963 [info] > git fetch [1360ms]
2023-06-14 20:01:20.963 [info] Missing or invalid credentials.
Skip silent fetch commands
2023-06-14 20:01:20.963 [info] > git config --get commit.template [4ms]
2023-06-14 20:01:20.963 [info] > git for-each-ref --format=%(refname)%00%(upstream:short)%00%(objectname)%00%(upstream:track)%00%(upstream:remotename)%00%(upstream:remoteref) refs/heads/main refs/remotes/main [1ms]
2023-06-14 20:01:20.963 [info] > git status -z -uall [2ms]
2023-06-14 20:01:21.031 [info] > git check-ignore -v -z --stdin [9ms]
2023-06-14 20:01:21.031 [info] > git check-ignore -v -z --stdin [6ms]
2023-06-14 20:01:21.050 [info] > git rev-parse --show-toplevel [1ms]
2023-06-14 20:01:21.050 [info] fatal: not a git repository (or any of the parent directories): .git
2023-06-14 20:01:21.054 [info] > git rev-parse --show-toplevel [0ms]
2023-06-14 20:01:21.054 [info] fatal: not a git repository (or any of the parent directories): .git
2023-06-14 20:01:21.096 [info] > git rev-parse --show-toplevel [1ms]
2023-06-14 20:01:21.096 [info] fatal: not a git repository (or any of the parent directories): .git
2023-06-14 20:01:21.100 [info] > git rev-parse --show-toplevel [0ms]
2023-06-14 20:01:21.100 [info] fatal: not a git repository (or any of the parent directories): .git
2023-06-14 20:01:21.127 [info] > git rev-parse --show-toplevel [2ms]
2023-06-14 20:01:21.127 [info] fatal: not a git repository (or any of the parent directories): .git
2023-06-14 20:01:21.132 [info] > git rev-parse --show-toplevel [2ms]
2023-06-14 20:01:21.132 [info] fatal: not a git repository (or any of the parent directories): .git
2023-06-14 20:01:21.136 [info] > git rev-parse --show-toplevel [1ms]
2023-06-14 20:01:21.136 [info] fatal: not a git repository (or any of the parent directories): .git
2023-06-14 20:01:21.139 [info] > git rev-parse --show-toplevel [1ms]
2023-06-14 20:01:21.140 [info] fatal: not a git repository (or any of the parent directories): .git
2023-06-14 20:01:21.528 [info] > git config --get commit.template [4ms]
2023-06-14 20:01:21.528 [info] > git for-each-ref --format=%(refname)%00%(upstream:short)%00%(objectname)%00%(upstream:track)%00%(upstream:remotename)%00%(upstream:remoteref) refs/heads/master refs/remotes/master [1ms]
2023-06-14 20:01:21.533 [info] > git status -z -uall [2ms]
2023-06-14 20:01:22.140 [info] > git config --get commit.template [4ms]
2023-06-14 20:01:22.141 [info] > git for-each-ref --format=%(refname)%00%(upstream:short)%00%(objectname)%00%(upstream:track)%00%(upstream:remotename)%00%(upstream:remoteref) refs/heads/main refs/remotes/main [2ms]
2023-06-14 20:01:22.145 [info] > git status -z -uall [1ms]
