2023-06-14 20:22:05.944 [info] Log level: Info
2023-06-14 20:22:05.944 [info] Validating found git in: "git"
2023-06-14 20:22:05.944 [info] Using git "2.34.1" from "git"
2023-06-14 20:22:05.944 [info] > git rev-parse --show-toplevel [23ms]
2023-06-14 20:22:05.944 [info] fatal: not a git repository (or any of the parent directories): .git
2023-06-14 20:22:05.944 [info] > git rev-parse --show-toplevel [2ms]
2023-06-14 20:22:05.944 [info] fatal: not a git repository (or any of the parent directories): .git
2023-06-14 20:22:05.944 [info] > git rev-parse --show-toplevel [1ms]
2023-06-14 20:22:05.944 [info] fatal: not a git repository (or any of the parent directories): .git
2023-06-14 20:22:05.944 [info] > git rev-parse --show-toplevel [2ms]
2023-06-14 20:22:05.944 [info] fatal: not a git repository (or any of the parent directories): .git
2023-06-14 20:22:05.944 [info] > git rev-parse --show-toplevel [1ms]
2023-06-14 20:22:05.944 [info] fatal: not a git repository (or any of the parent directories): .git
2023-06-14 20:22:05.944 [info] > git rev-parse --show-toplevel [1ms]
2023-06-14 20:22:05.944 [info] > git rev-parse --git-dir --git-common-dir [1ms]
2023-06-14 20:22:05.944 [info] Open repository: /home/jmat/UEFI-DataBase-F
2023-06-14 20:22:05.944 [info] > git config --get commit.template [1ms]
2023-06-14 20:22:05.944 [info] > git rev-parse --show-toplevel [6ms]
2023-06-14 20:22:05.944 [info] fatal: not a git repository (or any of the parent directories): .git
2023-06-14 20:22:05.944 [info] > git rev-parse --show-toplevel [4ms]
2023-06-14 20:22:05.944 [info] > git for-each-ref --format=%(refname)%00%(upstream:short)%00%(objectname)%00%(upstream:track)%00%(upstream:remotename)%00%(upstream:remoteref) refs/heads/main refs/remotes/main [5ms]
2023-06-14 20:22:05.944 [info] > git rev-parse --git-dir --git-common-dir [6ms]
2023-06-14 20:22:05.944 [info] Open repository: /home/jmat/elk-docker
2023-06-14 20:22:05.944 [info] > git status -z -uall [19ms]
2023-06-14 20:22:05.944 [info] > git rev-parse --show-toplevel [10ms]
2023-06-14 20:22:05.944 [info] fatal: not a git repository (or any of the parent directories): .git
2023-06-14 20:22:05.944 [info] > git rev-parse --show-toplevel [11ms]
2023-06-14 20:22:05.944 [info] fatal: not a git repository (or any of the parent directories): .git
2023-06-14 20:22:05.944 [info] > git config --get commit.template [21ms]
2023-06-14 20:22:05.944 [info] > git rev-parse --show-toplevel [2ms]
2023-06-14 20:22:05.944 [info] fatal: not a git repository (or any of the parent directories): .git
2023-06-14 20:22:05.944 [info] > git config --get commit.template [7ms]
2023-06-14 20:22:05.944 [info] > git rev-parse --show-toplevel [7ms]
2023-06-14 20:22:05.944 [info] fatal: not a git repository (or any of the parent directories): .git
2023-06-14 20:22:05.944 [info] > git for-each-ref --format=%(refname)%00%(upstream:short)%00%(objectname)%00%(upstream:track)%00%(upstream:remotename)%00%(upstream:remoteref) refs/heads/main refs/remotes/main [4ms]
2023-06-14 20:22:05.945 [info] > git for-each-ref --format=%(refname)%00%(upstream:short)%00%(objectname)%00%(upstream:track)%00%(upstream:remotename)%00%(upstream:remoteref) refs/heads/master refs/remotes/master [11ms]
2023-06-14 20:22:05.945 [info] > git status -z -uall [4ms]
2023-06-14 20:22:05.945 [info] > git status -z -uall [3ms]
2023-06-14 20:22:05.945 [info] > git config --get commit.template [3ms]
2023-06-14 20:22:05.945 [info] > git for-each-ref --format=%(refname)%00%(upstream:short)%00%(objectname)%00%(upstream:track)%00%(upstream:remotename)%00%(upstream:remoteref) refs/heads/master refs/remotes/master [2ms]
2023-06-14 20:22:05.945 [info] > git status -z -uall [2ms]
2023-06-14 20:22:05.945 [info] > git fetch [449ms]
2023-06-14 20:22:05.945 [info] > git config --get commit.template [3ms]
2023-06-14 20:22:05.945 [info] > git for-each-ref --format=%(refname)%00%(upstream:short)%00%(objectname)%00%(upstream:track)%00%(upstream:remotename)%00%(upstream:remoteref) refs/heads/master refs/remotes/master [1ms]
2023-06-14 20:22:05.945 [info] > git status -z -uall [15ms]
2023-06-14 20:22:05.945 [info] > git rev-parse --show-toplevel [5ms]
2023-06-14 20:22:05.945 [info] fatal: not a git repository (or any of the parent directories): .git
2023-06-14 20:22:05.945 [info] > git rev-parse --show-toplevel [1ms]
2023-06-14 20:22:05.945 [info] fatal: not a git repository (or any of the parent directories): .git
2023-06-14 20:22:05.945 [info] > git rev-parse --show-toplevel [1ms]
2023-06-14 20:22:05.945 [info] fatal: not a git repository (or any of the parent directories): .git
2023-06-14 20:22:05.945 [info] > git rev-parse --show-toplevel [1ms]
2023-06-14 20:22:05.945 [info] fatal: not a git repository (or any of the parent directories): .git
2023-06-14 20:22:05.945 [info] > git fetch [1376ms]
2023-06-14 20:22:05.945 [info] Missing or invalid credentials.
Skip silent fetch commands
2023-06-14 20:22:05.945 [info] > git config --get commit.template [4ms]
2023-06-14 20:22:05.945 [info] > git for-each-ref --format=%(refname)%00%(upstream:short)%00%(objectname)%00%(upstream:track)%00%(upstream:remotename)%00%(upstream:remoteref) refs/heads/main refs/remotes/main [1ms]
2023-06-14 20:22:05.945 [info] > git status -z -uall [1ms]
2023-06-14 20:22:06.659 [info] > git config --get commit.template [4ms]
2023-06-14 20:22:06.659 [info] > git for-each-ref --format=%(refname)%00%(upstream:short)%00%(objectname)%00%(upstream:track)%00%(upstream:remotename)%00%(upstream:remoteref) refs/heads/master refs/remotes/master [1ms]
2023-06-14 20:22:06.665 [info] > git status -z -uall [3ms]
2023-06-14 20:22:06.954 [info] > git config --get commit.template [4ms]
2023-06-14 20:22:06.954 [info] > git for-each-ref --format=%(refname)%00%(upstream:short)%00%(objectname)%00%(upstream:track)%00%(upstream:remotename)%00%(upstream:remoteref) refs/heads/main refs/remotes/main [1ms]
2023-06-14 20:22:06.958 [info] > git status -z -uall [1ms]
