*
* Visual Studio Code Server
*
* By using the software, you agree to
* the Visual Studio Code Server License Terms (https://aka.ms/vscode-server-license) and
* the Microsoft Privacy Statement (https://privacy.microsoft.com/en-US/privacystatement).
*
Server bound to 127.0.0.1:43029 (IPv4)
Extension host agent listening on 43029

[20:15:56] 




[20:15:56] Extension host agent started.
[20:19:13] [127.0.0.1][30b9337b][ManagementConnection] New connection established.
[20:19:13] [127.0.0.1][79fa7ed3][ExtensionHostConnection] New connection established.
[20:19:13] [127.0.0.1][79fa7ed3][ExtensionHostConnection] <213906> Launched Extension Host Process.
[IPC Library: Pty Host]  WARN Shell integration cannot be enabled for executable "/bin/sh" and args [
  '-c',
  'wget --version > /dev/null\n' +
    'if [ $? -eq 0 ]\n' +
    'then\n' +
    "\twget --connect-timeout=7 --tries=1 --dns-timeout=7 -q --header='Metadata:true' -O - http://169.254.169.254/metadata/instance?api-version=2019-03-11\n" +
    'else\n' +
    '\tcurl --version > /dev/null\n' +
    '\tif [ $? -eq 0 ]\n' +
    '\tthen\n' +
    "\t\tcurl --connect-timeout 7 -s --header='Metadata:true' http://169.254.169.254/metadata/instance?api-version=2019-03-11\n" +
    '\tfi\n' +
    'fi\n' +
    'exit 0'
]
[IPC Library: Pty Host]  WARN Shell integration cannot be enabled for executable "/bin/sh" and args [
  '-c',
  'wget --version > /dev/null\n' +
    'if [ $? -eq 0 ]\n' +
    'then\n' +
    '\twget --connect-timeout=7 --tries=1 --dns-timeout=7 -q  -O - http://169.254.169.254/latest/meta-data/instance-id\n' +
    'else\n' +
    '\tcurl --version > /dev/null\n' +
    '\tif [ $? -eq 0 ]\n' +
    '\tthen\n' +
    '\t\tcurl --connect-timeout 7 -s  http://169.254.169.254/latest/meta-data/instance-id\n' +
    '\tfi\n' +
    'fi\n' +
    'exit 0'
]
[IPC Library: Pty Host]  WARN Shell integration cannot be enabled for executable "/bin/sh" and args [
  '-c',
  'wget --version > /dev/null\n' +
    'if [ $? -eq 0 ]\n' +
    'then\n' +
    '\twget --connect-timeout=7 --tries=1 --dns-timeout=7 -q  -O - http://169.254.169.254/metadata/v1/id\n' +
    'else\n' +
    '\tcurl --version > /dev/null\n' +
    '\tif [ $? -eq 0 ]\n' +
    '\tthen\n' +
    '\t\tcurl --connect-timeout 7 -s  http://169.254.169.254/metadata/v1/id\n' +
    '\tfi\n' +
    'fi\n' +
    'exit 0'
]
[IPC Library: Pty Host]  WARN Shell integration cannot be enabled for executable "/bin/sh" and args [
  '-c',
  'wget --version > /dev/null\n' +
    'if [ $? -eq 0 ]\n' +
    'then\n' +
    "\twget --connect-timeout=7 --tries=1 --dns-timeout=7 -q --header='Metadata-Flavor:Google' -O - http://metadata.google.internal/computeMetadata/v1/instance/id\n" +
    'else\n' +
    '\tcurl --version > /dev/null\n' +
    '\tif [ $? -eq 0 ]\n' +
    '\tthen\n' +
    "\t\tcurl --connect-timeout 7 -s --header='Metadata-Flavor:Google' http://metadata.google.internal/computeMetadata/v1/instance/id\n" +
    '\tfi\n' +
    'fi\n' +
    'exit 0'
]
New EH opened, aborting shutdown
[20:20:56] New EH opened, aborting shutdown
[20:21:42] [127.0.0.1][30b9337b][ManagementConnection] The client has disconnected gracefully, so the connection will be disposed.
[20:21:42] [127.0.0.1][79fa7ed3][ExtensionHostConnection] <213906> Extension Host Process exited with code: 0, signal: null.
Last EH closed, waiting before shutting down
[20:21:42] Last EH closed, waiting before shutting down
Got delay-shutdown request while in shutdown timeout, delaying
[20:22:02] Got delay-shutdown request while in shutdown timeout, delaying
Cancelling previous shutdown timeout
[20:22:02] Cancelling previous shutdown timeout
[20:22:02] [127.0.0.1][0bd89294][ManagementConnection] New connection established.
[20:22:02] [127.0.0.1][c71fd995][ExtensionHostConnection] New connection established.
[20:22:02] [127.0.0.1][c71fd995][ExtensionHostConnection] <214268> Launched Extension Host Process.
[IPC Library: Pty Host]  WARN Shell integration cannot be enabled for executable "/bin/sh" and args [
  '-c',
  'wget --version > /dev/null\n' +
    'if [ $? -eq 0 ]\n' +
    'then\n' +
    "\twget --connect-timeout=7 --tries=1 --dns-timeout=7 -q --header='Metadata:true' -O - http://169.254.169.254/metadata/instance?api-version=2019-03-11\n" +
    'else\n' +
    '\tcurl --version > /dev/null\n' +
    '\tif [ $? -eq 0 ]\n' +
    '\tthen\n' +
    "\t\tcurl --connect-timeout 7 -s --header='Metadata:true' http://169.254.169.254/metadata/instance?api-version=2019-03-11\n" +
    '\tfi\n' +
    'fi\n' +
    'exit 0'
]
[IPC Library: Pty Host]  WARN Shell integration cannot be enabled for executable "/bin/sh" and args [
  '-c',
  'wget --version > /dev/null\n' +
    'if [ $? -eq 0 ]\n' +
    'then\n' +
    '\twget --connect-timeout=7 --tries=1 --dns-timeout=7 -q  -O - http://169.254.169.254/latest/meta-data/instance-id\n' +
    'else\n' +
    '\tcurl --version > /dev/null\n' +
    '\tif [ $? -eq 0 ]\n' +
    '\tthen\n' +
    '\t\tcurl --connect-timeout 7 -s  http://169.254.169.254/latest/meta-data/instance-id\n' +
    '\tfi\n' +
    'fi\n' +
    'exit 0'
]
[IPC Library: Pty Host]  WARN Shell integration cannot be enabled for executable "/bin/sh" and args [
  '-c',
  'wget --version > /dev/null\n' +
    'if [ $? -eq 0 ]\n' +
    'then\n' +
    '\twget --connect-timeout=7 --tries=1 --dns-timeout=7 -q  -O - http://169.254.169.254/metadata/v1/id\n' +
    'else\n' +
    '\tcurl --version > /dev/null\n' +
    '\tif [ $? -eq 0 ]\n' +
    '\tthen\n' +
    '\t\tcurl --connect-timeout 7 -s  http://169.254.169.254/metadata/v1/id\n' +
    '\tfi\n' +
    'fi\n' +
    'exit 0'
]
[IPC Library: Pty Host]  WARN Shell integration cannot be enabled for executable "/bin/sh" and args [
  '-c',
  'wget --version > /dev/null\n' +
    'if [ $? -eq 0 ]\n' +
    'then\n' +
    "\twget --connect-timeout=7 --tries=1 --dns-timeout=7 -q --header='Metadata-Flavor:Google' -O - http://metadata.google.internal/computeMetadata/v1/instance/id\n" +
    'else\n' +
    '\tcurl --version > /dev/null\n' +
    '\tif [ $? -eq 0 ]\n' +
    '\tthen\n' +
    "\t\tcurl --connect-timeout 7 -s --header='Metadata-Flavor:Google' http://metadata.google.internal/computeMetadata/v1/instance/id\n" +
    '\tfi\n' +
    'fi\n' +
    'exit 0'
]
rejected promise not handled within 1 second: CodeExpectedError: Could not find pty on pty host
stack trace: CodeExpectedError: Could not find pty on pty host
    at E.L (/home/jmat/.vscode-server/bin/b3e4e68a0bc097f0ae7907b217c1119af9e03435/out/vs/platform/terminal/node/ptyHostMain.js:28:6871)
    at E.updateIcon (/home/jmat/.vscode-server/bin/b3e4e68a0bc097f0ae7907b217c1119af9e03435/out/vs/platform/terminal/node/ptyHostMain.js:28:2702)
    at Object.call (/home/jmat/.vscode-server/bin/b3e4e68a0bc097f0ae7907b217c1119af9e03435/out/vs/platform/terminal/node/ptyHostMain.js:17:5093)
    at h.s (/home/jmat/.vscode-server/bin/b3e4e68a0bc097f0ae7907b217c1119af9e03435/out/vs/platform/terminal/node/ptyHostMain.js:15:5445)
    at h.q (/home/jmat/.vscode-server/bin/b3e4e68a0bc097f0ae7907b217c1119af9e03435/out/vs/platform/terminal/node/ptyHostMain.js:15:4936)
    at /home/jmat/.vscode-server/bin/b3e4e68a0bc097f0ae7907b217c1119af9e03435/out/vs/platform/terminal/node/ptyHostMain.js:15:4341
    at c.invoke (/home/jmat/.vscode-server/bin/b3e4e68a0bc097f0ae7907b217c1119af9e03435/out/vs/platform/terminal/node/ptyHostMain.js:11:145)
    at g.deliver (/home/jmat/.vscode-server/bin/b3e4e68a0bc097f0ae7907b217c1119af9e03435/out/vs/platform/terminal/node/ptyHostMain.js:11:2125)
    at t.fire (/home/jmat/.vscode-server/bin/b3e4e68a0bc097f0ae7907b217c1119af9e03435/out/vs/platform/terminal/node/ptyHostMain.js:11:1733)
    at process.U (/home/jmat/.vscode-server/bin/b3e4e68a0bc097f0ae7907b217c1119af9e03435/out/vs/platform/terminal/node/ptyHostMain.js:9:21145)
    at process.emit (node:events:513:28)
    at emit (node:internal/child_process:939:14)
    at processTicksAndRejections (node:internal/process/task_queues:84:21)
[20:22:06] Error [CodeExpectedError]: Could not find pty on pty host
    at E.L (/home/jmat/.vscode-server/bin/b3e4e68a0bc097f0ae7907b217c1119af9e03435/out/vs/platform/terminal/node/ptyHostMain.js:28:6871)
    at E.updateIcon (/home/jmat/.vscode-server/bin/b3e4e68a0bc097f0ae7907b217c1119af9e03435/out/vs/platform/terminal/node/ptyHostMain.js:28:2702)
    at Object.call (/home/jmat/.vscode-server/bin/b3e4e68a0bc097f0ae7907b217c1119af9e03435/out/vs/platform/terminal/node/ptyHostMain.js:17:5093)
    at h.s (/home/jmat/.vscode-server/bin/b3e4e68a0bc097f0ae7907b217c1119af9e03435/out/vs/platform/terminal/node/ptyHostMain.js:15:5445)
    at h.q (/home/jmat/.vscode-server/bin/b3e4e68a0bc097f0ae7907b217c1119af9e03435/out/vs/platform/terminal/node/ptyHostMain.js:15:4936)
    at /home/jmat/.vscode-server/bin/b3e4e68a0bc097f0ae7907b217c1119af9e03435/out/vs/platform/terminal/node/ptyHostMain.js:15:4341
    at c.invoke (/home/jmat/.vscode-server/bin/b3e4e68a0bc097f0ae7907b217c1119af9e03435/out/vs/platform/terminal/node/ptyHostMain.js:11:145)
    at g.deliver (/home/jmat/.vscode-server/bin/b3e4e68a0bc097f0ae7907b217c1119af9e03435/out/vs/platform/terminal/node/ptyHostMain.js:11:2125)
    at t.fire (/home/jmat/.vscode-server/bin/b3e4e68a0bc097f0ae7907b217c1119af9e03435/out/vs/platform/terminal/node/ptyHostMain.js:11:1733)
    at process.U (/home/jmat/.vscode-server/bin/b3e4e68a0bc097f0ae7907b217c1119af9e03435/out/vs/platform/terminal/node/ptyHostMain.js:9:21145)
    at process.emit (node:events:513:28)
    at emit (node:internal/child_process:939:14)
    at processTicksAndRejections (node:internal/process/task_queues:84:21)
rejected promise not handled within 1 second: CodeExpectedError: Could not find pty on pty host
stack trace: CodeExpectedError: Could not find pty on pty host
    at E.L (/home/jmat/.vscode-server/bin/b3e4e68a0bc097f0ae7907b217c1119af9e03435/out/vs/platform/terminal/node/ptyHostMain.js:28:6871)
    at E.updateTitle (/home/jmat/.vscode-server/bin/b3e4e68a0bc097f0ae7907b217c1119af9e03435/out/vs/platform/terminal/node/ptyHostMain.js:28:2652)
    at Object.call (/home/jmat/.vscode-server/bin/b3e4e68a0bc097f0ae7907b217c1119af9e03435/out/vs/platform/terminal/node/ptyHostMain.js:17:5093)
    at h.s (/home/jmat/.vscode-server/bin/b3e4e68a0bc097f0ae7907b217c1119af9e03435/out/vs/platform/terminal/node/ptyHostMain.js:15:5445)
    at h.q (/home/jmat/.vscode-server/bin/b3e4e68a0bc097f0ae7907b217c1119af9e03435/out/vs/platform/terminal/node/ptyHostMain.js:15:4936)
    at /home/jmat/.vscode-server/bin/b3e4e68a0bc097f0ae7907b217c1119af9e03435/out/vs/platform/terminal/node/ptyHostMain.js:15:4341
    at c.invoke (/home/jmat/.vscode-server/bin/b3e4e68a0bc097f0ae7907b217c1119af9e03435/out/vs/platform/terminal/node/ptyHostMain.js:11:145)
    at g.deliver (/home/jmat/.vscode-server/bin/b3e4e68a0bc097f0ae7907b217c1119af9e03435/out/vs/platform/terminal/node/ptyHostMain.js:11:2125)
    at t.fire (/home/jmat/.vscode-server/bin/b3e4e68a0bc097f0ae7907b217c1119af9e03435/out/vs/platform/terminal/node/ptyHostMain.js:11:1733)
    at process.U (/home/jmat/.vscode-server/bin/b3e4e68a0bc097f0ae7907b217c1119af9e03435/out/vs/platform/terminal/node/ptyHostMain.js:9:21145)
    at process.emit (node:events:513:28)
    at emit (node:internal/child_process:939:14)
    at processTicksAndRejections (node:internal/process/task_queues:84:21)
[20:22:06] Error [CodeExpectedError]: Could not find pty on pty host
    at E.L (/home/jmat/.vscode-server/bin/b3e4e68a0bc097f0ae7907b217c1119af9e03435/out/vs/platform/terminal/node/ptyHostMain.js:28:6871)
    at E.updateTitle (/home/jmat/.vscode-server/bin/b3e4e68a0bc097f0ae7907b217c1119af9e03435/out/vs/platform/terminal/node/ptyHostMain.js:28:2652)
    at Object.call (/home/jmat/.vscode-server/bin/b3e4e68a0bc097f0ae7907b217c1119af9e03435/out/vs/platform/terminal/node/ptyHostMain.js:17:5093)
    at h.s (/home/jmat/.vscode-server/bin/b3e4e68a0bc097f0ae7907b217c1119af9e03435/out/vs/platform/terminal/node/ptyHostMain.js:15:5445)
    at h.q (/home/jmat/.vscode-server/bin/b3e4e68a0bc097f0ae7907b217c1119af9e03435/out/vs/platform/terminal/node/ptyHostMain.js:15:4936)
    at /home/jmat/.vscode-server/bin/b3e4e68a0bc097f0ae7907b217c1119af9e03435/out/vs/platform/terminal/node/ptyHostMain.js:15:4341
    at c.invoke (/home/jmat/.vscode-server/bin/b3e4e68a0bc097f0ae7907b217c1119af9e03435/out/vs/platform/terminal/node/ptyHostMain.js:11:145)
    at g.deliver (/home/jmat/.vscode-server/bin/b3e4e68a0bc097f0ae7907b217c1119af9e03435/out/vs/platform/terminal/node/ptyHostMain.js:11:2125)
    at t.fire (/home/jmat/.vscode-server/bin/b3e4e68a0bc097f0ae7907b217c1119af9e03435/out/vs/platform/terminal/node/ptyHostMain.js:11:1733)
    at process.U (/home/jmat/.vscode-server/bin/b3e4e68a0bc097f0ae7907b217c1119af9e03435/out/vs/platform/terminal/node/ptyHostMain.js:9:21145)
    at process.emit (node:events:513:28)
    at emit (node:internal/child_process:939:14)
    at processTicksAndRejections (node:internal/process/task_queues:84:21)
[20:22:10] [127.0.0.1][0bd89294][ManagementConnection] The client has disconnected gracefully, so the connection will be disposed.
[20:22:10] [127.0.0.1][c71fd995][ExtensionHostConnection] <214268> Extension Host Process exited with code: 0, signal: null.
Cancelling previous shutdown timeout
[20:22:10] Cancelling previous shutdown timeout
Last EH closed, waiting before shutting down
[20:22:10] Last EH closed, waiting before shutting down
Got delay-shutdown request while in shutdown timeout, delaying
[20:22:19] Got delay-shutdown request while in shutdown timeout, delaying
Cancelling previous shutdown timeout
[20:22:19] Cancelling previous shutdown timeout
[20:22:19] [127.0.0.1][77d53aa2][ManagementConnection] New connection established.
[20:22:19] [127.0.0.1][fa197d8e][ExtensionHostConnection] New connection established.
[20:22:19] [127.0.0.1][fa197d8e][ExtensionHostConnection] <214534> Launched Extension Host Process.
[IPC Library: Pty Host]  WARN Shell integration cannot be enabled for executable "/bin/sh" and args [
  '-c',
  'wget --version > /dev/null\n' +
    'if [ $? -eq 0 ]\n' +
    'then\n' +
    "\twget --connect-timeout=7 --tries=1 --dns-timeout=7 -q --header='Metadata:true' -O - http://169.254.169.254/metadata/instance?api-version=2019-03-11\n" +
    'else\n' +
    '\tcurl --version > /dev/null\n' +
    '\tif [ $? -eq 0 ]\n' +
    '\tthen\n' +
    "\t\tcurl --connect-timeout 7 -s --header='Metadata:true' http://169.254.169.254/metadata/instance?api-version=2019-03-11\n" +
    '\tfi\n' +
    'fi\n' +
    'exit 0'
]
[IPC Library: Pty Host]  WARN Shell integration cannot be enabled for executable "/bin/sh" and args [
  '-c',
  'wget --version > /dev/null\n' +
    'if [ $? -eq 0 ]\n' +
    'then\n' +
    '\twget --connect-timeout=7 --tries=1 --dns-timeout=7 -q  -O - http://169.254.169.254/latest/meta-data/instance-id\n' +
    'else\n' +
    '\tcurl --version > /dev/null\n' +
    '\tif [ $? -eq 0 ]\n' +
    '\tthen\n' +
    '\t\tcurl --connect-timeout 7 -s  http://169.254.169.254/latest/meta-data/instance-id\n' +
    '\tfi\n' +
    'fi\n' +
    'exit 0'
]
[IPC Library: Pty Host]  WARN Shell integration cannot be enabled for executable "/bin/sh" and args [
  '-c',
  'wget --version > /dev/null\n' +
    'if [ $? -eq 0 ]\n' +
    'then\n' +
    '\twget --connect-timeout=7 --tries=1 --dns-timeout=7 -q  -O - http://169.254.169.254/metadata/v1/id\n' +
    'else\n' +
    '\tcurl --version > /dev/null\n' +
    '\tif [ $? -eq 0 ]\n' +
    '\tthen\n' +
    '\t\tcurl --connect-timeout 7 -s  http://169.254.169.254/metadata/v1/id\n' +
    '\tfi\n' +
    'fi\n' +
    'exit 0'
]
[IPC Library: Pty Host]  WARN Shell integration cannot be enabled for executable "/bin/sh" and args [
  '-c',
  'wget --version > /dev/null\n' +
    'if [ $? -eq 0 ]\n' +
    'then\n' +
    "\twget --connect-timeout=7 --tries=1 --dns-timeout=7 -q --header='Metadata-Flavor:Google' -O - http://metadata.google.internal/computeMetadata/v1/instance/id\n" +
    'else\n' +
    '\tcurl --version > /dev/null\n' +
    '\tif [ $? -eq 0 ]\n' +
    '\tthen\n' +
    "\t\tcurl --connect-timeout 7 -s --header='Metadata-Flavor:Google' http://metadata.google.internal/computeMetadata/v1/instance/id\n" +
    '\tfi\n' +
    'fi\n' +
    'exit 0'
]
rejected promise not handled within 1 second: CodeExpectedError: Could not find pty on pty host
stack trace: CodeExpectedError: Could not find pty on pty host
    at E.L (/home/jmat/.vscode-server/bin/b3e4e68a0bc097f0ae7907b217c1119af9e03435/out/vs/platform/terminal/node/ptyHostMain.js:28:6871)
    at E.updateTitle (/home/jmat/.vscode-server/bin/b3e4e68a0bc097f0ae7907b217c1119af9e03435/out/vs/platform/terminal/node/ptyHostMain.js:28:2652)
    at Object.call (/home/jmat/.vscode-server/bin/b3e4e68a0bc097f0ae7907b217c1119af9e03435/out/vs/platform/terminal/node/ptyHostMain.js:17:5093)
    at h.s (/home/jmat/.vscode-server/bin/b3e4e68a0bc097f0ae7907b217c1119af9e03435/out/vs/platform/terminal/node/ptyHostMain.js:15:5445)
    at h.q (/home/jmat/.vscode-server/bin/b3e4e68a0bc097f0ae7907b217c1119af9e03435/out/vs/platform/terminal/node/ptyHostMain.js:15:4936)
    at /home/jmat/.vscode-server/bin/b3e4e68a0bc097f0ae7907b217c1119af9e03435/out/vs/platform/terminal/node/ptyHostMain.js:15:4341
    at c.invoke (/home/jmat/.vscode-server/bin/b3e4e68a0bc097f0ae7907b217c1119af9e03435/out/vs/platform/terminal/node/ptyHostMain.js:11:145)
    at g.deliver (/home/jmat/.vscode-server/bin/b3e4e68a0bc097f0ae7907b217c1119af9e03435/out/vs/platform/terminal/node/ptyHostMain.js:11:2125)
    at t.fire (/home/jmat/.vscode-server/bin/b3e4e68a0bc097f0ae7907b217c1119af9e03435/out/vs/platform/terminal/node/ptyHostMain.js:11:1733)
    at process.U (/home/jmat/.vscode-server/bin/b3e4e68a0bc097f0ae7907b217c1119af9e03435/out/vs/platform/terminal/node/ptyHostMain.js:9:21145)
    at process.emit (node:events:513:28)
    at emit (node:internal/child_process:939:14)
    at processTicksAndRejections (node:internal/process/task_queues:84:21)
[20:22:22] Error [CodeExpectedError]: Could not find pty on pty host
    at E.L (/home/jmat/.vscode-server/bin/b3e4e68a0bc097f0ae7907b217c1119af9e03435/out/vs/platform/terminal/node/ptyHostMain.js:28:6871)
    at E.updateTitle (/home/jmat/.vscode-server/bin/b3e4e68a0bc097f0ae7907b217c1119af9e03435/out/vs/platform/terminal/node/ptyHostMain.js:28:2652)
    at Object.call (/home/jmat/.vscode-server/bin/b3e4e68a0bc097f0ae7907b217c1119af9e03435/out/vs/platform/terminal/node/ptyHostMain.js:17:5093)
    at h.s (/home/jmat/.vscode-server/bin/b3e4e68a0bc097f0ae7907b217c1119af9e03435/out/vs/platform/terminal/node/ptyHostMain.js:15:5445)
    at h.q (/home/jmat/.vscode-server/bin/b3e4e68a0bc097f0ae7907b217c1119af9e03435/out/vs/platform/terminal/node/ptyHostMain.js:15:4936)
    at /home/jmat/.vscode-server/bin/b3e4e68a0bc097f0ae7907b217c1119af9e03435/out/vs/platform/terminal/node/ptyHostMain.js:15:4341
    at c.invoke (/home/jmat/.vscode-server/bin/b3e4e68a0bc097f0ae7907b217c1119af9e03435/out/vs/platform/terminal/node/ptyHostMain.js:11:145)
    at g.deliver (/home/jmat/.vscode-server/bin/b3e4e68a0bc097f0ae7907b217c1119af9e03435/out/vs/platform/terminal/node/ptyHostMain.js:11:2125)
    at t.fire (/home/jmat/.vscode-server/bin/b3e4e68a0bc097f0ae7907b217c1119af9e03435/out/vs/platform/terminal/node/ptyHostMain.js:11:1733)
    at process.U (/home/jmat/.vscode-server/bin/b3e4e68a0bc097f0ae7907b217c1119af9e03435/out/vs/platform/terminal/node/ptyHostMain.js:9:21145)
    at process.emit (node:events:513:28)
    at emit (node:internal/child_process:939:14)
    at processTicksAndRejections (node:internal/process/task_queues:84:21)
[20:22:29] [127.0.0.1][77d53aa2][ManagementConnection] The client has disconnected gracefully, so the connection will be disposed.
[20:22:29] [127.0.0.1][fa197d8e][ExtensionHostConnection] <214534> Extension Host Process exited with code: 0, signal: null.
Cancelling previous shutdown timeout
[20:22:29] Cancelling previous shutdown timeout
Last EH closed, waiting before shutting down
[20:22:29] Last EH closed, waiting before shutting down
Got delay-shutdown request while in shutdown timeout, delaying
[20:22:38] Got delay-shutdown request while in shutdown timeout, delaying
Cancelling previous shutdown timeout
[20:22:38] Cancelling previous shutdown timeout
[20:22:39] [127.0.0.1][8f6c94d8][ManagementConnection] New connection established.
[20:22:39] [127.0.0.1][527f2359][ExtensionHostConnection] New connection established.
[20:22:39] [127.0.0.1][527f2359][ExtensionHostConnection] <214806> Launched Extension Host Process.
[IPC Library: Pty Host]  WARN Shell integration cannot be enabled for executable "/bin/sh" and args [
  '-c',
  'wget --version > /dev/null\n' +
    'if [ $? -eq 0 ]\n' +
    'then\n' +
    "\twget --connect-timeout=7 --tries=1 --dns-timeout=7 -q --header='Metadata:true' -O - http://169.254.169.254/metadata/instance?api-version=2019-03-11\n" +
    'else\n' +
    '\tcurl --version > /dev/null\n' +
    '\tif [ $? -eq 0 ]\n' +
    '\tthen\n' +
    "\t\tcurl --connect-timeout 7 -s --header='Metadata:true' http://169.254.169.254/metadata/instance?api-version=2019-03-11\n" +
    '\tfi\n' +
    'fi\n' +
    'exit 0'
]
[IPC Library: Pty Host]  WARN Shell integration cannot be enabled for executable "/bin/sh" and args [
  '-c',
  'wget --version > /dev/null\n' +
    'if [ $? -eq 0 ]\n' +
    'then\n' +
    '\twget --connect-timeout=7 --tries=1 --dns-timeout=7 -q  -O - http://169.254.169.254/latest/meta-data/instance-id\n' +
    'else\n' +
    '\tcurl --version > /dev/null\n' +
    '\tif [ $? -eq 0 ]\n' +
    '\tthen\n' +
    '\t\tcurl --connect-timeout 7 -s  http://169.254.169.254/latest/meta-data/instance-id\n' +
    '\tfi\n' +
    'fi\n' +
    'exit 0'
]
[IPC Library: Pty Host]  WARN Shell integration cannot be enabled for executable "/bin/sh" and args [
  '-c',
  'wget --version > /dev/null\n' +
    'if [ $? -eq 0 ]\n' +
    'then\n' +
    '\twget --connect-timeout=7 --tries=1 --dns-timeout=7 -q  -O - http://169.254.169.254/metadata/v1/id\n' +
    'else\n' +
    '\tcurl --version > /dev/null\n' +
    '\tif [ $? -eq 0 ]\n' +
    '\tthen\n' +
    '\t\tcurl --connect-timeout 7 -s  http://169.254.169.254/metadata/v1/id\n' +
    '\tfi\n' +
    'fi\n' +
    'exit 0'
]
[IPC Library: Pty Host]  WARN Shell integration cannot be enabled for executable "/bin/sh" and args [
  '-c',
  'wget --version > /dev/null\n' +
    'if [ $? -eq 0 ]\n' +
    'then\n' +
    "\twget --connect-timeout=7 --tries=1 --dns-timeout=7 -q --header='Metadata-Flavor:Google' -O - http://metadata.google.internal/computeMetadata/v1/instance/id\n" +
    'else\n' +
    '\tcurl --version > /dev/null\n' +
    '\tif [ $? -eq 0 ]\n' +
    '\tthen\n' +
    "\t\tcurl --connect-timeout 7 -s --header='Metadata-Flavor:Google' http://metadata.google.internal/computeMetadata/v1/instance/id\n" +
    '\tfi\n' +
    'fi\n' +
    'exit 0'
]
rejected promise not handled within 1 second: CodeExpectedError: Could not find pty on pty host
stack trace: CodeExpectedError: Could not find pty on pty host
    at E.L (/home/jmat/.vscode-server/bin/b3e4e68a0bc097f0ae7907b217c1119af9e03435/out/vs/platform/terminal/node/ptyHostMain.js:28:6871)
    at E.updateTitle (/home/jmat/.vscode-server/bin/b3e4e68a0bc097f0ae7907b217c1119af9e03435/out/vs/platform/terminal/node/ptyHostMain.js:28:2652)
    at Object.call (/home/jmat/.vscode-server/bin/b3e4e68a0bc097f0ae7907b217c1119af9e03435/out/vs/platform/terminal/node/ptyHostMain.js:17:5093)
    at h.s (/home/jmat/.vscode-server/bin/b3e4e68a0bc097f0ae7907b217c1119af9e03435/out/vs/platform/terminal/node/ptyHostMain.js:15:5445)
    at h.q (/home/jmat/.vscode-server/bin/b3e4e68a0bc097f0ae7907b217c1119af9e03435/out/vs/platform/terminal/node/ptyHostMain.js:15:4936)
    at /home/jmat/.vscode-server/bin/b3e4e68a0bc097f0ae7907b217c1119af9e03435/out/vs/platform/terminal/node/ptyHostMain.js:15:4341
    at c.invoke (/home/jmat/.vscode-server/bin/b3e4e68a0bc097f0ae7907b217c1119af9e03435/out/vs/platform/terminal/node/ptyHostMain.js:11:145)
    at g.deliver (/home/jmat/.vscode-server/bin/b3e4e68a0bc097f0ae7907b217c1119af9e03435/out/vs/platform/terminal/node/ptyHostMain.js:11:2125)
    at t.fire (/home/jmat/.vscode-server/bin/b3e4e68a0bc097f0ae7907b217c1119af9e03435/out/vs/platform/terminal/node/ptyHostMain.js:11:1733)
    at process.U (/home/jmat/.vscode-server/bin/b3e4e68a0bc097f0ae7907b217c1119af9e03435/out/vs/platform/terminal/node/ptyHostMain.js:9:21145)
    at process.emit (node:events:513:28)
    at emit (node:internal/child_process:939:14)
    at processTicksAndRejections (node:internal/process/task_queues:84:21)
[20:22:41] Error [CodeExpectedError]: Could not find pty on pty host
    at E.L (/home/jmat/.vscode-server/bin/b3e4e68a0bc097f0ae7907b217c1119af9e03435/out/vs/platform/terminal/node/ptyHostMain.js:28:6871)
    at E.updateTitle (/home/jmat/.vscode-server/bin/b3e4e68a0bc097f0ae7907b217c1119af9e03435/out/vs/platform/terminal/node/ptyHostMain.js:28:2652)
    at Object.call (/home/jmat/.vscode-server/bin/b3e4e68a0bc097f0ae7907b217c1119af9e03435/out/vs/platform/terminal/node/ptyHostMain.js:17:5093)
    at h.s (/home/jmat/.vscode-server/bin/b3e4e68a0bc097f0ae7907b217c1119af9e03435/out/vs/platform/terminal/node/ptyHostMain.js:15:5445)
    at h.q (/home/jmat/.vscode-server/bin/b3e4e68a0bc097f0ae7907b217c1119af9e03435/out/vs/platform/terminal/node/ptyHostMain.js:15:4936)
    at /home/jmat/.vscode-server/bin/b3e4e68a0bc097f0ae7907b217c1119af9e03435/out/vs/platform/terminal/node/ptyHostMain.js:15:4341
    at c.invoke (/home/jmat/.vscode-server/bin/b3e4e68a0bc097f0ae7907b217c1119af9e03435/out/vs/platform/terminal/node/ptyHostMain.js:11:145)
    at g.deliver (/home/jmat/.vscode-server/bin/b3e4e68a0bc097f0ae7907b217c1119af9e03435/out/vs/platform/terminal/node/ptyHostMain.js:11:2125)
    at t.fire (/home/jmat/.vscode-server/bin/b3e4e68a0bc097f0ae7907b217c1119af9e03435/out/vs/platform/terminal/node/ptyHostMain.js:11:1733)
    at process.U (/home/jmat/.vscode-server/bin/b3e4e68a0bc097f0ae7907b217c1119af9e03435/out/vs/platform/terminal/node/ptyHostMain.js:9:21145)
    at process.emit (node:events:513:28)
    at emit (node:internal/child_process:939:14)
    at processTicksAndRejections (node:internal/process/task_queues:84:21)
rejected promise not handled within 1 second: CodeExpectedError: Could not find pty on pty host
stack trace: CodeExpectedError: Could not find pty on pty host
    at E.L (/home/jmat/.vscode-server/bin/b3e4e68a0bc097f0ae7907b217c1119af9e03435/out/vs/platform/terminal/node/ptyHostMain.js:28:6871)
    at E.updateIcon (/home/jmat/.vscode-server/bin/b3e4e68a0bc097f0ae7907b217c1119af9e03435/out/vs/platform/terminal/node/ptyHostMain.js:28:2702)
    at Object.call (/home/jmat/.vscode-server/bin/b3e4e68a0bc097f0ae7907b217c1119af9e03435/out/vs/platform/terminal/node/ptyHostMain.js:17:5093)
    at h.s (/home/jmat/.vscode-server/bin/b3e4e68a0bc097f0ae7907b217c1119af9e03435/out/vs/platform/terminal/node/ptyHostMain.js:15:5445)
    at h.q (/home/jmat/.vscode-server/bin/b3e4e68a0bc097f0ae7907b217c1119af9e03435/out/vs/platform/terminal/node/ptyHostMain.js:15:4936)
    at /home/jmat/.vscode-server/bin/b3e4e68a0bc097f0ae7907b217c1119af9e03435/out/vs/platform/terminal/node/ptyHostMain.js:15:4341
    at c.invoke (/home/jmat/.vscode-server/bin/b3e4e68a0bc097f0ae7907b217c1119af9e03435/out/vs/platform/terminal/node/ptyHostMain.js:11:145)
    at g.deliver (/home/jmat/.vscode-server/bin/b3e4e68a0bc097f0ae7907b217c1119af9e03435/out/vs/platform/terminal/node/ptyHostMain.js:11:2125)
    at t.fire (/home/jmat/.vscode-server/bin/b3e4e68a0bc097f0ae7907b217c1119af9e03435/out/vs/platform/terminal/node/ptyHostMain.js:11:1733)
    at process.U (/home/jmat/.vscode-server/bin/b3e4e68a0bc097f0ae7907b217c1119af9e03435/out/vs/platform/terminal/node/ptyHostMain.js:9:21145)
    at process.emit (node:events:513:28)
    at emit (node:internal/child_process:939:14)
    at processTicksAndRejections (node:internal/process/task_queues:84:21)
[20:22:42] Error [CodeExpectedError]: Could not find pty on pty host
    at E.L (/home/jmat/.vscode-server/bin/b3e4e68a0bc097f0ae7907b217c1119af9e03435/out/vs/platform/terminal/node/ptyHostMain.js:28:6871)
    at E.updateIcon (/home/jmat/.vscode-server/bin/b3e4e68a0bc097f0ae7907b217c1119af9e03435/out/vs/platform/terminal/node/ptyHostMain.js:28:2702)
    at Object.call (/home/jmat/.vscode-server/bin/b3e4e68a0bc097f0ae7907b217c1119af9e03435/out/vs/platform/terminal/node/ptyHostMain.js:17:5093)
    at h.s (/home/jmat/.vscode-server/bin/b3e4e68a0bc097f0ae7907b217c1119af9e03435/out/vs/platform/terminal/node/ptyHostMain.js:15:5445)
    at h.q (/home/jmat/.vscode-server/bin/b3e4e68a0bc097f0ae7907b217c1119af9e03435/out/vs/platform/terminal/node/ptyHostMain.js:15:4936)
    at /home/jmat/.vscode-server/bin/b3e4e68a0bc097f0ae7907b217c1119af9e03435/out/vs/platform/terminal/node/ptyHostMain.js:15:4341
    at c.invoke (/home/jmat/.vscode-server/bin/b3e4e68a0bc097f0ae7907b217c1119af9e03435/out/vs/platform/terminal/node/ptyHostMain.js:11:145)
    at g.deliver (/home/jmat/.vscode-server/bin/b3e4e68a0bc097f0ae7907b217c1119af9e03435/out/vs/platform/terminal/node/ptyHostMain.js:11:2125)
    at t.fire (/home/jmat/.vscode-server/bin/b3e4e68a0bc097f0ae7907b217c1119af9e03435/out/vs/platform/terminal/node/ptyHostMain.js:11:1733)
    at process.U (/home/jmat/.vscode-server/bin/b3e4e68a0bc097f0ae7907b217c1119af9e03435/out/vs/platform/terminal/node/ptyHostMain.js:9:21145)
    at process.emit (node:events:513:28)
    at emit (node:internal/child_process:939:14)
    at processTicksAndRejections (node:internal/process/task_queues:84:21)
[20:22:47] [127.0.0.1][8f6c94d8][ManagementConnection] The client has disconnected gracefully, so the connection will be disposed.
[20:22:47] [127.0.0.1][527f2359][ExtensionHostConnection] <214806> Extension Host Process exited with code: 0, signal: null.
Cancelling previous shutdown timeout
[20:22:47] Cancelling previous shutdown timeout
Last EH closed, waiting before shutting down
[20:22:47] Last EH closed, waiting before shutting down
Got delay-shutdown request while in shutdown timeout, delaying
[20:22:56] Got delay-shutdown request while in shutdown timeout, delaying
Cancelling previous shutdown timeout
[20:22:56] Cancelling previous shutdown timeout
[20:22:56] [127.0.0.1][de87c1ef][ManagementConnection] New connection established.
[20:22:56] [127.0.0.1][10662e49][ExtensionHostConnection] New connection established.
[20:22:56] [127.0.0.1][10662e49][ExtensionHostConnection] <214983> Launched Extension Host Process.
[IPC Library: Pty Host]  WARN Shell integration cannot be enabled for executable "/bin/sh" and args [
  '-c',
  'wget --version > /dev/null\n' +
    'if [ $? -eq 0 ]\n' +
    'then\n' +
    "\twget --connect-timeout=7 --tries=1 --dns-timeout=7 -q --header='Metadata:true' -O - http://169.254.169.254/metadata/instance?api-version=2019-03-11\n" +
    'else\n' +
    '\tcurl --version > /dev/null\n' +
    '\tif [ $? -eq 0 ]\n' +
    '\tthen\n' +
    "\t\tcurl --connect-timeout 7 -s --header='Metadata:true' http://169.254.169.254/metadata/instance?api-version=2019-03-11\n" +
    '\tfi\n' +
    'fi\n' +
    'exit 0'
]
[IPC Library: Pty Host]  WARN Shell integration cannot be enabled for executable "/bin/sh" and args [
  '-c',
  'wget --version > /dev/null\n' +
    'if [ $? -eq 0 ]\n' +
    'then\n' +
    '\twget --connect-timeout=7 --tries=1 --dns-timeout=7 -q  -O - http://169.254.169.254/latest/meta-data/instance-id\n' +
    'else\n' +
    '\tcurl --version > /dev/null\n' +
    '\tif [ $? -eq 0 ]\n' +
    '\tthen\n' +
    '\t\tcurl --connect-timeout 7 -s  http://169.254.169.254/latest/meta-data/instance-id\n' +
    '\tfi\n' +
    'fi\n' +
    'exit 0'
]
[IPC Library: Pty Host]  WARN Shell integration cannot be enabled for executable "/bin/sh" and args [
  '-c',
  'wget --version > /dev/null\n' +
    'if [ $? -eq 0 ]\n' +
    'then\n' +
    '\twget --connect-timeout=7 --tries=1 --dns-timeout=7 -q  -O - http://169.254.169.254/metadata/v1/id\n' +
    'else\n' +
    '\tcurl --version > /dev/null\n' +
    '\tif [ $? -eq 0 ]\n' +
    '\tthen\n' +
    '\t\tcurl --connect-timeout 7 -s  http://169.254.169.254/metadata/v1/id\n' +
    '\tfi\n' +
    'fi\n' +
    'exit 0'
]
[IPC Library: Pty Host]  WARN Shell integration cannot be enabled for executable "/bin/sh" and args [
  '-c',
  'wget --version > /dev/null\n' +
    'if [ $? -eq 0 ]\n' +
    'then\n' +
    "\twget --connect-timeout=7 --tries=1 --dns-timeout=7 -q --header='Metadata-Flavor:Google' -O - http://metadata.google.internal/computeMetadata/v1/instance/id\n" +
    'else\n' +
    '\tcurl --version > /dev/null\n' +
    '\tif [ $? -eq 0 ]\n' +
    '\tthen\n' +
    "\t\tcurl --connect-timeout 7 -s --header='Metadata-Flavor:Google' http://metadata.google.internal/computeMetadata/v1/instance/id\n" +
    '\tfi\n' +
    'fi\n' +
    'exit 0'
]
rejected promise not handled within 1 second: CodeExpectedError: Could not find pty on pty host
stack trace: CodeExpectedError: Could not find pty on pty host
    at E.L (/home/jmat/.vscode-server/bin/b3e4e68a0bc097f0ae7907b217c1119af9e03435/out/vs/platform/terminal/node/ptyHostMain.js:28:6871)
    at E.updateTitle (/home/jmat/.vscode-server/bin/b3e4e68a0bc097f0ae7907b217c1119af9e03435/out/vs/platform/terminal/node/ptyHostMain.js:28:2652)
    at Object.call (/home/jmat/.vscode-server/bin/b3e4e68a0bc097f0ae7907b217c1119af9e03435/out/vs/platform/terminal/node/ptyHostMain.js:17:5093)
    at h.s (/home/jmat/.vscode-server/bin/b3e4e68a0bc097f0ae7907b217c1119af9e03435/out/vs/platform/terminal/node/ptyHostMain.js:15:5445)
    at h.q (/home/jmat/.vscode-server/bin/b3e4e68a0bc097f0ae7907b217c1119af9e03435/out/vs/platform/terminal/node/ptyHostMain.js:15:4936)
    at /home/jmat/.vscode-server/bin/b3e4e68a0bc097f0ae7907b217c1119af9e03435/out/vs/platform/terminal/node/ptyHostMain.js:15:4341
    at c.invoke (/home/jmat/.vscode-server/bin/b3e4e68a0bc097f0ae7907b217c1119af9e03435/out/vs/platform/terminal/node/ptyHostMain.js:11:145)
    at g.deliver (/home/jmat/.vscode-server/bin/b3e4e68a0bc097f0ae7907b217c1119af9e03435/out/vs/platform/terminal/node/ptyHostMain.js:11:2125)
    at t.fire (/home/jmat/.vscode-server/bin/b3e4e68a0bc097f0ae7907b217c1119af9e03435/out/vs/platform/terminal/node/ptyHostMain.js:11:1733)
    at process.U (/home/jmat/.vscode-server/bin/b3e4e68a0bc097f0ae7907b217c1119af9e03435/out/vs/platform/terminal/node/ptyHostMain.js:9:21145)
    at process.emit (node:events:513:28)
    at emit (node:internal/child_process:939:14)
    at processTicksAndRejections (node:internal/process/task_queues:84:21)
[20:22:59] Error [CodeExpectedError]: Could not find pty on pty host
    at E.L (/home/jmat/.vscode-server/bin/b3e4e68a0bc097f0ae7907b217c1119af9e03435/out/vs/platform/terminal/node/ptyHostMain.js:28:6871)
    at E.updateTitle (/home/jmat/.vscode-server/bin/b3e4e68a0bc097f0ae7907b217c1119af9e03435/out/vs/platform/terminal/node/ptyHostMain.js:28:2652)
    at Object.call (/home/jmat/.vscode-server/bin/b3e4e68a0bc097f0ae7907b217c1119af9e03435/out/vs/platform/terminal/node/ptyHostMain.js:17:5093)
    at h.s (/home/jmat/.vscode-server/bin/b3e4e68a0bc097f0ae7907b217c1119af9e03435/out/vs/platform/terminal/node/ptyHostMain.js:15:5445)
    at h.q (/home/jmat/.vscode-server/bin/b3e4e68a0bc097f0ae7907b217c1119af9e03435/out/vs/platform/terminal/node/ptyHostMain.js:15:4936)
    at /home/jmat/.vscode-server/bin/b3e4e68a0bc097f0ae7907b217c1119af9e03435/out/vs/platform/terminal/node/ptyHostMain.js:15:4341
    at c.invoke (/home/jmat/.vscode-server/bin/b3e4e68a0bc097f0ae7907b217c1119af9e03435/out/vs/platform/terminal/node/ptyHostMain.js:11:145)
    at g.deliver (/home/jmat/.vscode-server/bin/b3e4e68a0bc097f0ae7907b217c1119af9e03435/out/vs/platform/terminal/node/ptyHostMain.js:11:2125)
    at t.fire (/home/jmat/.vscode-server/bin/b3e4e68a0bc097f0ae7907b217c1119af9e03435/out/vs/platform/terminal/node/ptyHostMain.js:11:1733)
    at process.U (/home/jmat/.vscode-server/bin/b3e4e68a0bc097f0ae7907b217c1119af9e03435/out/vs/platform/terminal/node/ptyHostMain.js:9:21145)
    at process.emit (node:events:513:28)
    at emit (node:internal/child_process:939:14)
    at processTicksAndRejections (node:internal/process/task_queues:84:21)
rejected promise not handled within 1 second: CodeExpectedError: Could not find pty on pty host
stack trace: CodeExpectedError: Could not find pty on pty host
    at E.L (/home/jmat/.vscode-server/bin/b3e4e68a0bc097f0ae7907b217c1119af9e03435/out/vs/platform/terminal/node/ptyHostMain.js:28:6871)
    at E.updateIcon (/home/jmat/.vscode-server/bin/b3e4e68a0bc097f0ae7907b217c1119af9e03435/out/vs/platform/terminal/node/ptyHostMain.js:28:2702)
    at Object.call (/home/jmat/.vscode-server/bin/b3e4e68a0bc097f0ae7907b217c1119af9e03435/out/vs/platform/terminal/node/ptyHostMain.js:17:5093)
    at h.s (/home/jmat/.vscode-server/bin/b3e4e68a0bc097f0ae7907b217c1119af9e03435/out/vs/platform/terminal/node/ptyHostMain.js:15:5445)
    at h.q (/home/jmat/.vscode-server/bin/b3e4e68a0bc097f0ae7907b217c1119af9e03435/out/vs/platform/terminal/node/ptyHostMain.js:15:4936)
    at /home/jmat/.vscode-server/bin/b3e4e68a0bc097f0ae7907b217c1119af9e03435/out/vs/platform/terminal/node/ptyHostMain.js:15:4341
    at c.invoke (/home/jmat/.vscode-server/bin/b3e4e68a0bc097f0ae7907b217c1119af9e03435/out/vs/platform/terminal/node/ptyHostMain.js:11:145)
    at g.deliver (/home/jmat/.vscode-server/bin/b3e4e68a0bc097f0ae7907b217c1119af9e03435/out/vs/platform/terminal/node/ptyHostMain.js:11:2125)
    at t.fire (/home/jmat/.vscode-server/bin/b3e4e68a0bc097f0ae7907b217c1119af9e03435/out/vs/platform/terminal/node/ptyHostMain.js:11:1733)
    at process.U (/home/jmat/.vscode-server/bin/b3e4e68a0bc097f0ae7907b217c1119af9e03435/out/vs/platform/terminal/node/ptyHostMain.js:9:21145)
    at process.emit (node:events:513:28)
    at emit (node:internal/child_process:939:14)
    at processTicksAndRejections (node:internal/process/task_queues:84:21)
[20:22:59] Error [CodeExpectedError]: Could not find pty on pty host
    at E.L (/home/jmat/.vscode-server/bin/b3e4e68a0bc097f0ae7907b217c1119af9e03435/out/vs/platform/terminal/node/ptyHostMain.js:28:6871)
    at E.updateIcon (/home/jmat/.vscode-server/bin/b3e4e68a0bc097f0ae7907b217c1119af9e03435/out/vs/platform/terminal/node/ptyHostMain.js:28:2702)
    at Object.call (/home/jmat/.vscode-server/bin/b3e4e68a0bc097f0ae7907b217c1119af9e03435/out/vs/platform/terminal/node/ptyHostMain.js:17:5093)
    at h.s (/home/jmat/.vscode-server/bin/b3e4e68a0bc097f0ae7907b217c1119af9e03435/out/vs/platform/terminal/node/ptyHostMain.js:15:5445)
    at h.q (/home/jmat/.vscode-server/bin/b3e4e68a0bc097f0ae7907b217c1119af9e03435/out/vs/platform/terminal/node/ptyHostMain.js:15:4936)
    at /home/jmat/.vscode-server/bin/b3e4e68a0bc097f0ae7907b217c1119af9e03435/out/vs/platform/terminal/node/ptyHostMain.js:15:4341
    at c.invoke (/home/jmat/.vscode-server/bin/b3e4e68a0bc097f0ae7907b217c1119af9e03435/out/vs/platform/terminal/node/ptyHostMain.js:11:145)
    at g.deliver (/home/jmat/.vscode-server/bin/b3e4e68a0bc097f0ae7907b217c1119af9e03435/out/vs/platform/terminal/node/ptyHostMain.js:11:2125)
    at t.fire (/home/jmat/.vscode-server/bin/b3e4e68a0bc097f0ae7907b217c1119af9e03435/out/vs/platform/terminal/node/ptyHostMain.js:11:1733)
    at process.U (/home/jmat/.vscode-server/bin/b3e4e68a0bc097f0ae7907b217c1119af9e03435/out/vs/platform/terminal/node/ptyHostMain.js:9:21145)
    at process.emit (node:events:513:28)
    at emit (node:internal/child_process:939:14)
    at processTicksAndRejections (node:internal/process/task_queues:84:21)
rejected promise not handled within 1 second: CodeExpectedError: Could not find pty on pty host
stack trace: CodeExpectedError: Could not find pty on pty host
    at E.L (/home/jmat/.vscode-server/bin/b3e4e68a0bc097f0ae7907b217c1119af9e03435/out/vs/platform/terminal/node/ptyHostMain.js:28:6871)
    at E.updateTitle (/home/jmat/.vscode-server/bin/b3e4e68a0bc097f0ae7907b217c1119af9e03435/out/vs/platform/terminal/node/ptyHostMain.js:28:2652)
    at Object.call (/home/jmat/.vscode-server/bin/b3e4e68a0bc097f0ae7907b217c1119af9e03435/out/vs/platform/terminal/node/ptyHostMain.js:17:5093)
    at h.s (/home/jmat/.vscode-server/bin/b3e4e68a0bc097f0ae7907b217c1119af9e03435/out/vs/platform/terminal/node/ptyHostMain.js:15:5445)
    at h.q (/home/jmat/.vscode-server/bin/b3e4e68a0bc097f0ae7907b217c1119af9e03435/out/vs/platform/terminal/node/ptyHostMain.js:15:4936)
    at /home/jmat/.vscode-server/bin/b3e4e68a0bc097f0ae7907b217c1119af9e03435/out/vs/platform/terminal/node/ptyHostMain.js:15:4341
    at c.invoke (/home/jmat/.vscode-server/bin/b3e4e68a0bc097f0ae7907b217c1119af9e03435/out/vs/platform/terminal/node/ptyHostMain.js:11:145)
    at g.deliver (/home/jmat/.vscode-server/bin/b3e4e68a0bc097f0ae7907b217c1119af9e03435/out/vs/platform/terminal/node/ptyHostMain.js:11:2125)
    at t.fire (/home/jmat/.vscode-server/bin/b3e4e68a0bc097f0ae7907b217c1119af9e03435/out/vs/platform/terminal/node/ptyHostMain.js:11:1733)
    at process.U (/home/jmat/.vscode-server/bin/b3e4e68a0bc097f0ae7907b217c1119af9e03435/out/vs/platform/terminal/node/ptyHostMain.js:9:21145)
    at process.emit (node:events:513:28)
    at emit (node:internal/child_process:939:14)
    at processTicksAndRejections (node:internal/process/task_queues:84:21)
[20:22:59] Error [CodeExpectedError]: Could not find pty on pty host
    at E.L (/home/jmat/.vscode-server/bin/b3e4e68a0bc097f0ae7907b217c1119af9e03435/out/vs/platform/terminal/node/ptyHostMain.js:28:6871)
    at E.updateTitle (/home/jmat/.vscode-server/bin/b3e4e68a0bc097f0ae7907b217c1119af9e03435/out/vs/platform/terminal/node/ptyHostMain.js:28:2652)
    at Object.call (/home/jmat/.vscode-server/bin/b3e4e68a0bc097f0ae7907b217c1119af9e03435/out/vs/platform/terminal/node/ptyHostMain.js:17:5093)
    at h.s (/home/jmat/.vscode-server/bin/b3e4e68a0bc097f0ae7907b217c1119af9e03435/out/vs/platform/terminal/node/ptyHostMain.js:15:5445)
    at h.q (/home/jmat/.vscode-server/bin/b3e4e68a0bc097f0ae7907b217c1119af9e03435/out/vs/platform/terminal/node/ptyHostMain.js:15:4936)
    at /home/jmat/.vscode-server/bin/b3e4e68a0bc097f0ae7907b217c1119af9e03435/out/vs/platform/terminal/node/ptyHostMain.js:15:4341
    at c.invoke (/home/jmat/.vscode-server/bin/b3e4e68a0bc097f0ae7907b217c1119af9e03435/out/vs/platform/terminal/node/ptyHostMain.js:11:145)
    at g.deliver (/home/jmat/.vscode-server/bin/b3e4e68a0bc097f0ae7907b217c1119af9e03435/out/vs/platform/terminal/node/ptyHostMain.js:11:2125)
    at t.fire (/home/jmat/.vscode-server/bin/b3e4e68a0bc097f0ae7907b217c1119af9e03435/out/vs/platform/terminal/node/ptyHostMain.js:11:1733)
    at process.U (/home/jmat/.vscode-server/bin/b3e4e68a0bc097f0ae7907b217c1119af9e03435/out/vs/platform/terminal/node/ptyHostMain.js:9:21145)
    at process.emit (node:events:513:28)
    at emit (node:internal/child_process:939:14)
    at processTicksAndRejections (node:internal/process/task_queues:84:21)
[20:25:43] [127.0.0.1][10662e49][ExtensionHostConnection] <214983> Extension Host Process exited with code: 0, signal: null.
Cancelling previous shutdown timeout
[20:25:43] Cancelling previous shutdown timeout
Last EH closed, waiting before shutting down
[20:25:43] Last EH closed, waiting before shutting down
Got delay-shutdown request while in shutdown timeout, delaying
[20:26:13] Got delay-shutdown request while in shutdown timeout, delaying
Cancelling previous shutdown timeout
[20:26:13] Cancelling previous shutdown timeout
[20:26:13] [127.0.0.1][a37ed013][ManagementConnection] New connection established.
[20:26:13] [127.0.0.1][eff22d14][ExtensionHostConnection] New connection established.
[20:26:13] [127.0.0.1][eff22d14][ExtensionHostConnection] <215894> Launched Extension Host Process.
[IPC Library: Pty Host]  WARN Shell integration cannot be enabled for executable "/bin/sh" and args [
  '-c',
  'wget --version > /dev/null\n' +
    'if [ $? -eq 0 ]\n' +
    'then\n' +
    "\twget --connect-timeout=7 --tries=1 --dns-timeout=7 -q --header='Metadata:true' -O - http://169.254.169.254/metadata/instance?api-version=2019-03-11\n" +
    'else\n' +
    '\tcurl --version > /dev/null\n' +
    '\tif [ $? -eq 0 ]\n' +
    '\tthen\n' +
    "\t\tcurl --connect-timeout 7 -s --header='Metadata:true' http://169.254.169.254/metadata/instance?api-version=2019-03-11\n" +
    '\tfi\n' +
    'fi\n' +
    'exit 0'
]
[IPC Library: Pty Host]  WARN Shell integration cannot be enabled for executable "/bin/sh" and args [
  '-c',
  'wget --version > /dev/null\n' +
    'if [ $? -eq 0 ]\n' +
    'then\n' +
    '\twget --connect-timeout=7 --tries=1 --dns-timeout=7 -q  -O - http://169.254.169.254/latest/meta-data/instance-id\n' +
    'else\n' +
    '\tcurl --version > /dev/null\n' +
    '\tif [ $? -eq 0 ]\n' +
    '\tthen\n' +
    '\t\tcurl --connect-timeout 7 -s  http://169.254.169.254/latest/meta-data/instance-id\n' +
    '\tfi\n' +
    'fi\n' +
    'exit 0'
]
[IPC Library: Pty Host]  WARN Shell integration cannot be enabled for executable "/bin/sh" and args [
  '-c',
  'wget --version > /dev/null\n' +
    'if [ $? -eq 0 ]\n' +
    'then\n' +
    '\twget --connect-timeout=7 --tries=1 --dns-timeout=7 -q  -O - http://169.254.169.254/metadata/v1/id\n' +
    'else\n' +
    '\tcurl --version > /dev/null\n' +
    '\tif [ $? -eq 0 ]\n' +
    '\tthen\n' +
    '\t\tcurl --connect-timeout 7 -s  http://169.254.169.254/metadata/v1/id\n' +
    '\tfi\n' +
    'fi\n' +
    'exit 0'
]
[IPC Library: Pty Host]  WARN Shell integration cannot be enabled for executable "/bin/sh" and args [
  '-c',
  'wget --version > /dev/null\n' +
    'if [ $? -eq 0 ]\n' +
    'then\n' +
    "\twget --connect-timeout=7 --tries=1 --dns-timeout=7 -q --header='Metadata-Flavor:Google' -O - http://metadata.google.internal/computeMetadata/v1/instance/id\n" +
    'else\n' +
    '\tcurl --version > /dev/null\n' +
    '\tif [ $? -eq 0 ]\n' +
    '\tthen\n' +
    "\t\tcurl --connect-timeout 7 -s --header='Metadata-Flavor:Google' http://metadata.google.internal/computeMetadata/v1/instance/id\n" +
    '\tfi\n' +
    'fi\n' +
    'exit 0'
]
rejected promise not handled within 1 second: CodeExpectedError: Could not find pty on pty host
stack trace: CodeExpectedError: Could not find pty on pty host
    at E.L (/home/jmat/.vscode-server/bin/b3e4e68a0bc097f0ae7907b217c1119af9e03435/out/vs/platform/terminal/node/ptyHostMain.js:28:6871)
    at E.updateTitle (/home/jmat/.vscode-server/bin/b3e4e68a0bc097f0ae7907b217c1119af9e03435/out/vs/platform/terminal/node/ptyHostMain.js:28:2652)
    at Object.call (/home/jmat/.vscode-server/bin/b3e4e68a0bc097f0ae7907b217c1119af9e03435/out/vs/platform/terminal/node/ptyHostMain.js:17:5093)
    at h.s (/home/jmat/.vscode-server/bin/b3e4e68a0bc097f0ae7907b217c1119af9e03435/out/vs/platform/terminal/node/ptyHostMain.js:15:5445)
    at h.q (/home/jmat/.vscode-server/bin/b3e4e68a0bc097f0ae7907b217c1119af9e03435/out/vs/platform/terminal/node/ptyHostMain.js:15:4936)
    at /home/jmat/.vscode-server/bin/b3e4e68a0bc097f0ae7907b217c1119af9e03435/out/vs/platform/terminal/node/ptyHostMain.js:15:4341
    at c.invoke (/home/jmat/.vscode-server/bin/b3e4e68a0bc097f0ae7907b217c1119af9e03435/out/vs/platform/terminal/node/ptyHostMain.js:11:145)
    at g.deliver (/home/jmat/.vscode-server/bin/b3e4e68a0bc097f0ae7907b217c1119af9e03435/out/vs/platform/terminal/node/ptyHostMain.js:11:2125)
    at t.fire (/home/jmat/.vscode-server/bin/b3e4e68a0bc097f0ae7907b217c1119af9e03435/out/vs/platform/terminal/node/ptyHostMain.js:11:1733)
    at process.U (/home/jmat/.vscode-server/bin/b3e4e68a0bc097f0ae7907b217c1119af9e03435/out/vs/platform/terminal/node/ptyHostMain.js:9:21145)
    at process.emit (node:events:513:28)
    at emit (node:internal/child_process:939:14)
    at processTicksAndRejections (node:internal/process/task_queues:84:21)
[20:26:16] Error [CodeExpectedError]: Could not find pty on pty host
    at E.L (/home/jmat/.vscode-server/bin/b3e4e68a0bc097f0ae7907b217c1119af9e03435/out/vs/platform/terminal/node/ptyHostMain.js:28:6871)
    at E.updateTitle (/home/jmat/.vscode-server/bin/b3e4e68a0bc097f0ae7907b217c1119af9e03435/out/vs/platform/terminal/node/ptyHostMain.js:28:2652)
    at Object.call (/home/jmat/.vscode-server/bin/b3e4e68a0bc097f0ae7907b217c1119af9e03435/out/vs/platform/terminal/node/ptyHostMain.js:17:5093)
    at h.s (/home/jmat/.vscode-server/bin/b3e4e68a0bc097f0ae7907b217c1119af9e03435/out/vs/platform/terminal/node/ptyHostMain.js:15:5445)
    at h.q (/home/jmat/.vscode-server/bin/b3e4e68a0bc097f0ae7907b217c1119af9e03435/out/vs/platform/terminal/node/ptyHostMain.js:15:4936)
    at /home/jmat/.vscode-server/bin/b3e4e68a0bc097f0ae7907b217c1119af9e03435/out/vs/platform/terminal/node/ptyHostMain.js:15:4341
    at c.invoke (/home/jmat/.vscode-server/bin/b3e4e68a0bc097f0ae7907b217c1119af9e03435/out/vs/platform/terminal/node/ptyHostMain.js:11:145)
    at g.deliver (/home/jmat/.vscode-server/bin/b3e4e68a0bc097f0ae7907b217c1119af9e03435/out/vs/platform/terminal/node/ptyHostMain.js:11:2125)
    at t.fire (/home/jmat/.vscode-server/bin/b3e4e68a0bc097f0ae7907b217c1119af9e03435/out/vs/platform/terminal/node/ptyHostMain.js:11:1733)
    at process.U (/home/jmat/.vscode-server/bin/b3e4e68a0bc097f0ae7907b217c1119af9e03435/out/vs/platform/terminal/node/ptyHostMain.js:9:21145)
    at process.emit (node:events:513:28)
    at emit (node:internal/child_process:939:14)
    at processTicksAndRejections (node:internal/process/task_queues:84:21)
New EH opened, aborting shutdown
[20:31:13] New EH opened, aborting shutdown
[22:04:08] Getting Manifest... ms-azuretools.vscode-docker
[22:04:08] Installing extension: ms-azuretools.vscode-docker
[22:04:10] Extension signature is verified: ms-azuretools.vscode-docker
[22:04:10] Extracted extension to /home/jmat/.vscode-server/extensions/.b4096d9f-aeb3-4df2-a5fc-cfb2e6e6fe3c: ms-azuretools.vscode-docker
[22:04:10] Renamed to /home/jmat/.vscode-server/extensions/ms-azuretools.vscode-docker-1.25.1
[22:04:10] Extracting extension completed. ms-azuretools.vscode-docker
[22:04:10] Extension installed successfully: ms-azuretools.vscode-docker
[22:12:58] [127.0.0.1][8f238490][ManagementConnection] New connection established.
[22:12:58] [127.0.0.1][f521873b][ExtensionHostConnection] New connection established.
[22:12:58] [127.0.0.1][f521873b][ExtensionHostConnection] <222969> Launched Extension Host Process.
[IPC Library: Pty Host]  WARN Shell integration cannot be enabled for executable "/bin/sh" and args [
  '-c',
  'wget --version > /dev/null\n' +
    'if [ $? -eq 0 ]\n' +
    'then\n' +
    "\twget --connect-timeout=7 --tries=1 --dns-timeout=7 -q --header='Metadata:true' -O - http://169.254.169.254/metadata/instance?api-version=2019-03-11\n" +
    'else\n' +
    '\tcurl --version > /dev/null\n' +
    '\tif [ $? -eq 0 ]\n' +
    '\tthen\n' +
    "\t\tcurl --connect-timeout 7 -s --header='Metadata:true' http://169.254.169.254/metadata/instance?api-version=2019-03-11\n" +
    '\tfi\n' +
    'fi\n' +
    'exit 0'
]
[IPC Library: Pty Host]  WARN Shell integration cannot be enabled for executable "/bin/sh" and args [
  '-c',
  'wget --version > /dev/null\n' +
    'if [ $? -eq 0 ]\n' +
    'then\n' +
    '\twget --connect-timeout=7 --tries=1 --dns-timeout=7 -q  -O - http://169.254.169.254/latest/meta-data/instance-id\n' +
    'else\n' +
    '\tcurl --version > /dev/null\n' +
    '\tif [ $? -eq 0 ]\n' +
    '\tthen\n' +
    '\t\tcurl --connect-timeout 7 -s  http://169.254.169.254/latest/meta-data/instance-id\n' +
    '\tfi\n' +
    'fi\n' +
    'exit 0'
]
[IPC Library: Pty Host]  WARN Shell integration cannot be enabled for executable "/bin/sh" and args [
  '-c',
  'wget --version > /dev/null\n' +
    'if [ $? -eq 0 ]\n' +
    'then\n' +
    '\twget --connect-timeout=7 --tries=1 --dns-timeout=7 -q  -O - http://169.254.169.254/metadata/v1/id\n' +
    'else\n' +
    '\tcurl --version > /dev/null\n' +
    '\tif [ $? -eq 0 ]\n' +
    '\tthen\n' +
    '\t\tcurl --connect-timeout 7 -s  http://169.254.169.254/metadata/v1/id\n' +
    '\tfi\n' +
    'fi\n' +
    'exit 0'
]
[IPC Library: Pty Host]  WARN Shell integration cannot be enabled for executable "/bin/sh" and args [
  '-c',
  'wget --version > /dev/null\n' +
    'if [ $? -eq 0 ]\n' +
    'then\n' +
    "\twget --connect-timeout=7 --tries=1 --dns-timeout=7 -q --header='Metadata-Flavor:Google' -O - http://metadata.google.internal/computeMetadata/v1/instance/id\n" +
    'else\n' +
    '\tcurl --version > /dev/null\n' +
    '\tif [ $? -eq 0 ]\n' +
    '\tthen\n' +
    "\t\tcurl --connect-timeout 7 -s --header='Metadata-Flavor:Google' http://metadata.google.internal/computeMetadata/v1/instance/id\n" +
    '\tfi\n' +
    'fi\n' +
    'exit 0'
]
rejected promise not handled within 1 second: CodeExpectedError: Could not find pty on pty host
stack trace: CodeExpectedError: Could not find pty on pty host
    at E.L (/home/jmat/.vscode-server/bin/b3e4e68a0bc097f0ae7907b217c1119af9e03435/out/vs/platform/terminal/node/ptyHostMain.js:28:6871)
    at E.updateTitle (/home/jmat/.vscode-server/bin/b3e4e68a0bc097f0ae7907b217c1119af9e03435/out/vs/platform/terminal/node/ptyHostMain.js:28:2652)
    at Object.call (/home/jmat/.vscode-server/bin/b3e4e68a0bc097f0ae7907b217c1119af9e03435/out/vs/platform/terminal/node/ptyHostMain.js:17:5093)
    at h.s (/home/jmat/.vscode-server/bin/b3e4e68a0bc097f0ae7907b217c1119af9e03435/out/vs/platform/terminal/node/ptyHostMain.js:15:5445)
    at h.q (/home/jmat/.vscode-server/bin/b3e4e68a0bc097f0ae7907b217c1119af9e03435/out/vs/platform/terminal/node/ptyHostMain.js:15:4936)
    at /home/jmat/.vscode-server/bin/b3e4e68a0bc097f0ae7907b217c1119af9e03435/out/vs/platform/terminal/node/ptyHostMain.js:15:4341
    at c.invoke (/home/jmat/.vscode-server/bin/b3e4e68a0bc097f0ae7907b217c1119af9e03435/out/vs/platform/terminal/node/ptyHostMain.js:11:145)
    at g.deliver (/home/jmat/.vscode-server/bin/b3e4e68a0bc097f0ae7907b217c1119af9e03435/out/vs/platform/terminal/node/ptyHostMain.js:11:2125)
    at t.fire (/home/jmat/.vscode-server/bin/b3e4e68a0bc097f0ae7907b217c1119af9e03435/out/vs/platform/terminal/node/ptyHostMain.js:11:1733)
    at process.U (/home/jmat/.vscode-server/bin/b3e4e68a0bc097f0ae7907b217c1119af9e03435/out/vs/platform/terminal/node/ptyHostMain.js:9:21145)
    at process.emit (node:events:513:28)
    at emit (node:internal/child_process:939:14)
    at processTicksAndRejections (node:internal/process/task_queues:84:21)
[22:13:01] Error [CodeExpectedError]: Could not find pty on pty host
    at E.L (/home/jmat/.vscode-server/bin/b3e4e68a0bc097f0ae7907b217c1119af9e03435/out/vs/platform/terminal/node/ptyHostMain.js:28:6871)
    at E.updateTitle (/home/jmat/.vscode-server/bin/b3e4e68a0bc097f0ae7907b217c1119af9e03435/out/vs/platform/terminal/node/ptyHostMain.js:28:2652)
    at Object.call (/home/jmat/.vscode-server/bin/b3e4e68a0bc097f0ae7907b217c1119af9e03435/out/vs/platform/terminal/node/ptyHostMain.js:17:5093)
    at h.s (/home/jmat/.vscode-server/bin/b3e4e68a0bc097f0ae7907b217c1119af9e03435/out/vs/platform/terminal/node/ptyHostMain.js:15:5445)
    at h.q (/home/jmat/.vscode-server/bin/b3e4e68a0bc097f0ae7907b217c1119af9e03435/out/vs/platform/terminal/node/ptyHostMain.js:15:4936)
    at /home/jmat/.vscode-server/bin/b3e4e68a0bc097f0ae7907b217c1119af9e03435/out/vs/platform/terminal/node/ptyHostMain.js:15:4341
    at c.invoke (/home/jmat/.vscode-server/bin/b3e4e68a0bc097f0ae7907b217c1119af9e03435/out/vs/platform/terminal/node/ptyHostMain.js:11:145)
    at g.deliver (/home/jmat/.vscode-server/bin/b3e4e68a0bc097f0ae7907b217c1119af9e03435/out/vs/platform/terminal/node/ptyHostMain.js:11:2125)
    at t.fire (/home/jmat/.vscode-server/bin/b3e4e68a0bc097f0ae7907b217c1119af9e03435/out/vs/platform/terminal/node/ptyHostMain.js:11:1733)
    at process.U (/home/jmat/.vscode-server/bin/b3e4e68a0bc097f0ae7907b217c1119af9e03435/out/vs/platform/terminal/node/ptyHostMain.js:9:21145)
    at process.emit (node:events:513:28)
    at emit (node:internal/child_process:939:14)
    at processTicksAndRejections (node:internal/process/task_queues:84:21)
[22:13:33] [127.0.0.1][8f238490][ManagementConnection] The client has disconnected gracefully, so the connection will be disposed.
[22:13:33] [127.0.0.1][f521873b][ExtensionHostConnection] <222969> Extension Host Process exited with code: 0, signal: null.
[00:09:50] [127.0.0.1][322aaa25][ManagementConnection] New connection established.
[00:09:50] [127.0.0.1][67721f9e][ExtensionHostConnection] New connection established.
[00:09:50] [127.0.0.1][67721f9e][ExtensionHostConnection] <232129> Launched Extension Host Process.
[IPC Library: Pty Host]  WARN Shell integration cannot be enabled for executable "/bin/sh" and args [
  '-c',
  'wget --version > /dev/null\n' +
    'if [ $? -eq 0 ]\n' +
    'then\n' +
    "\twget --connect-timeout=7 --tries=1 --dns-timeout=7 -q --header='Metadata:true' -O - http://169.254.169.254/metadata/instance?api-version=2019-03-11\n" +
    'else\n' +
    '\tcurl --version > /dev/null\n' +
    '\tif [ $? -eq 0 ]\n' +
    '\tthen\n' +
    "\t\tcurl --connect-timeout 7 -s --header='Metadata:true' http://169.254.169.254/metadata/instance?api-version=2019-03-11\n" +
    '\tfi\n' +
    'fi\n' +
    'exit 0'
]
[IPC Library: Pty Host]  WARN Shell integration cannot be enabled for executable "/bin/sh" and args [
  '-c',
  'wget --version > /dev/null\n' +
    'if [ $? -eq 0 ]\n' +
    'then\n' +
    '\twget --connect-timeout=7 --tries=1 --dns-timeout=7 -q  -O - http://169.254.169.254/latest/meta-data/instance-id\n' +
    'else\n' +
    '\tcurl --version > /dev/null\n' +
    '\tif [ $? -eq 0 ]\n' +
    '\tthen\n' +
    '\t\tcurl --connect-timeout 7 -s  http://169.254.169.254/latest/meta-data/instance-id\n' +
    '\tfi\n' +
    'fi\n' +
    'exit 0'
]
[IPC Library: Pty Host]  WARN Shell integration cannot be enabled for executable "/bin/sh" and args [
  '-c',
  'wget --version > /dev/null\n' +
    'if [ $? -eq 0 ]\n' +
    'then\n' +
    '\twget --connect-timeout=7 --tries=1 --dns-timeout=7 -q  -O - http://169.254.169.254/metadata/v1/id\n' +
    'else\n' +
    '\tcurl --version > /dev/null\n' +
    '\tif [ $? -eq 0 ]\n' +
    '\tthen\n' +
    '\t\tcurl --connect-timeout 7 -s  http://169.254.169.254/metadata/v1/id\n' +
    '\tfi\n' +
    'fi\n' +
    'exit 0'
]
[IPC Library: Pty Host]  WARN Shell integration cannot be enabled for executable "/bin/sh" and args [
  '-c',
  'wget --version > /dev/null\n' +
    'if [ $? -eq 0 ]\n' +
    'then\n' +
    "\twget --connect-timeout=7 --tries=1 --dns-timeout=7 -q --header='Metadata-Flavor:Google' -O - http://metadata.google.internal/computeMetadata/v1/instance/id\n" +
    'else\n' +
    '\tcurl --version > /dev/null\n' +
    '\tif [ $? -eq 0 ]\n' +
    '\tthen\n' +
    "\t\tcurl --connect-timeout 7 -s --header='Metadata-Flavor:Google' http://metadata.google.internal/computeMetadata/v1/instance/id\n" +
    '\tfi\n' +
    'fi\n' +
    'exit 0'
]
rejected promise not handled within 1 second: CodeExpectedError: Could not find pty on pty host
stack trace: CodeExpectedError: Could not find pty on pty host
    at E.L (/home/jmat/.vscode-server/bin/b3e4e68a0bc097f0ae7907b217c1119af9e03435/out/vs/platform/terminal/node/ptyHostMain.js:28:6871)
    at E.updateTitle (/home/jmat/.vscode-server/bin/b3e4e68a0bc097f0ae7907b217c1119af9e03435/out/vs/platform/terminal/node/ptyHostMain.js:28:2652)
    at Object.call (/home/jmat/.vscode-server/bin/b3e4e68a0bc097f0ae7907b217c1119af9e03435/out/vs/platform/terminal/node/ptyHostMain.js:17:5093)
    at h.s (/home/jmat/.vscode-server/bin/b3e4e68a0bc097f0ae7907b217c1119af9e03435/out/vs/platform/terminal/node/ptyHostMain.js:15:5445)
    at h.q (/home/jmat/.vscode-server/bin/b3e4e68a0bc097f0ae7907b217c1119af9e03435/out/vs/platform/terminal/node/ptyHostMain.js:15:4936)
    at /home/jmat/.vscode-server/bin/b3e4e68a0bc097f0ae7907b217c1119af9e03435/out/vs/platform/terminal/node/ptyHostMain.js:15:4341
    at c.invoke (/home/jmat/.vscode-server/bin/b3e4e68a0bc097f0ae7907b217c1119af9e03435/out/vs/platform/terminal/node/ptyHostMain.js:11:145)
    at g.deliver (/home/jmat/.vscode-server/bin/b3e4e68a0bc097f0ae7907b217c1119af9e03435/out/vs/platform/terminal/node/ptyHostMain.js:11:2125)
    at t.fire (/home/jmat/.vscode-server/bin/b3e4e68a0bc097f0ae7907b217c1119af9e03435/out/vs/platform/terminal/node/ptyHostMain.js:11:1733)
    at process.U (/home/jmat/.vscode-server/bin/b3e4e68a0bc097f0ae7907b217c1119af9e03435/out/vs/platform/terminal/node/ptyHostMain.js:9:21145)
    at process.emit (node:events:513:28)
    at emit (node:internal/child_process:939:14)
    at processTicksAndRejections (node:internal/process/task_queues:84:21)
[00:09:53] Error [CodeExpectedError]: Could not find pty on pty host
    at E.L (/home/jmat/.vscode-server/bin/b3e4e68a0bc097f0ae7907b217c1119af9e03435/out/vs/platform/terminal/node/ptyHostMain.js:28:6871)
    at E.updateTitle (/home/jmat/.vscode-server/bin/b3e4e68a0bc097f0ae7907b217c1119af9e03435/out/vs/platform/terminal/node/ptyHostMain.js:28:2652)
    at Object.call (/home/jmat/.vscode-server/bin/b3e4e68a0bc097f0ae7907b217c1119af9e03435/out/vs/platform/terminal/node/ptyHostMain.js:17:5093)
    at h.s (/home/jmat/.vscode-server/bin/b3e4e68a0bc097f0ae7907b217c1119af9e03435/out/vs/platform/terminal/node/ptyHostMain.js:15:5445)
    at h.q (/home/jmat/.vscode-server/bin/b3e4e68a0bc097f0ae7907b217c1119af9e03435/out/vs/platform/terminal/node/ptyHostMain.js:15:4936)
    at /home/jmat/.vscode-server/bin/b3e4e68a0bc097f0ae7907b217c1119af9e03435/out/vs/platform/terminal/node/ptyHostMain.js:15:4341
    at c.invoke (/home/jmat/.vscode-server/bin/b3e4e68a0bc097f0ae7907b217c1119af9e03435/out/vs/platform/terminal/node/ptyHostMain.js:11:145)
    at g.deliver (/home/jmat/.vscode-server/bin/b3e4e68a0bc097f0ae7907b217c1119af9e03435/out/vs/platform/terminal/node/ptyHostMain.js:11:2125)
    at t.fire (/home/jmat/.vscode-server/bin/b3e4e68a0bc097f0ae7907b217c1119af9e03435/out/vs/platform/terminal/node/ptyHostMain.js:11:1733)
    at process.U (/home/jmat/.vscode-server/bin/b3e4e68a0bc097f0ae7907b217c1119af9e03435/out/vs/platform/terminal/node/ptyHostMain.js:9:21145)
    at process.emit (node:events:513:28)
    at emit (node:internal/child_process:939:14)
    at processTicksAndRejections (node:internal/process/task_queues:84:21)
