2023-06-14 20:22:59.246 [info] Log level: Info
2023-06-14 20:22:59.246 [info] Validating found git in: "git"
2023-06-14 20:22:59.246 [info] Using git "2.34.1" from "git"
2023-06-14 20:22:59.246 [info] > git rev-parse --show-toplevel [24ms]
2023-06-14 20:22:59.246 [info] fatal: not a git repository (or any of the parent directories): .git
2023-06-14 20:22:59.246 [info] > git rev-parse --show-toplevel [2ms]
2023-06-14 20:22:59.246 [info] fatal: not a git repository (or any of the parent directories): .git
2023-06-14 20:22:59.246 [info] > git rev-parse --show-toplevel [1ms]
2023-06-14 20:22:59.246 [info] fatal: not a git repository (or any of the parent directories): .git
2023-06-14 20:22:59.246 [info] > git rev-parse --show-toplevel [1ms]
2023-06-14 20:22:59.246 [info] fatal: not a git repository (or any of the parent directories): .git
2023-06-14 20:22:59.246 [info] > git rev-parse --show-toplevel [1ms]
2023-06-14 20:22:59.246 [info] fatal: not a git repository (or any of the parent directories): .git
2023-06-14 20:22:59.246 [info] > git rev-parse --show-toplevel [1ms]
2023-06-14 20:22:59.246 [info] fatal: not a git repository (or any of the parent directories): .git
2023-06-14 20:22:59.246 [info] > git rev-parse --show-toplevel [7ms]
2023-06-14 20:22:59.246 [info] > git rev-parse --git-dir --git-common-dir [1ms]
2023-06-14 20:22:59.246 [info] Open repository: /home/jmat/UEFI-DataBase-F
2023-06-14 20:22:59.246 [info] > git rev-parse --show-toplevel [5ms]
2023-06-14 20:22:59.246 [info] fatal: not a git repository (or any of the parent directories): .git
2023-06-14 20:22:59.246 [info] > git config --get commit.template [4ms]
2023-06-14 20:22:59.246 [info] > git rev-parse --show-toplevel [2ms]
2023-06-14 20:22:59.246 [info] > git rev-parse --git-dir --git-common-dir [4ms]
2023-06-14 20:22:59.246 [info] Open repository: /home/jmat/elk-docker
2023-06-14 20:22:59.246 [info] > git rev-parse --show-toplevel [7ms]
2023-06-14 20:22:59.246 [info] fatal: not a git repository (or any of the parent directories): .git
2023-06-14 20:22:59.246 [info] > git for-each-ref --format=%(refname)%00%(upstream:short)%00%(objectname)%00%(upstream:track)%00%(upstream:remotename)%00%(upstream:remoteref) refs/heads/main refs/remotes/main [20ms]
2023-06-14 20:22:59.246 [info] > git rev-parse --show-toplevel [5ms]
2023-06-14 20:22:59.246 [info] fatal: not a git repository (or any of the parent directories): .git
2023-06-14 20:22:59.246 [info] > git config --get commit.template [12ms]
2023-06-14 20:22:59.246 [info] > git status -z -uall [5ms]
2023-06-14 20:22:59.246 [info] > git rev-parse --show-toplevel [1ms]
2023-06-14 20:22:59.246 [info] fatal: not a git repository (or any of the parent directories): .git
2023-06-14 20:22:59.246 [info] > git rev-parse --show-toplevel [12ms]
2023-06-14 20:22:59.246 [info] fatal: not a git repository (or any of the parent directories): .git
2023-06-14 20:22:59.246 [info] > git config --get commit.template [4ms]
2023-06-14 20:22:59.246 [info] > git for-each-ref --format=%(refname)%00%(upstream:short)%00%(objectname)%00%(upstream:track)%00%(upstream:remotename)%00%(upstream:remoteref) refs/heads/master refs/remotes/master [6ms]
2023-06-14 20:22:59.246 [info] > git rev-parse --show-toplevel [4ms]
2023-06-14 20:22:59.246 [info] fatal: not a git repository (or any of the parent directories): .git
2023-06-14 20:22:59.246 [info] > git status -z -uall [7ms]
2023-06-14 20:22:59.246 [info] > git for-each-ref --format=%(refname)%00%(upstream:short)%00%(objectname)%00%(upstream:track)%00%(upstream:remotename)%00%(upstream:remoteref) refs/heads/main refs/remotes/main [8ms]
2023-06-14 20:22:59.246 [info] > git config --get commit.template [4ms]
2023-06-14 20:22:59.246 [info] > git status -z -uall [11ms]
2023-06-14 20:22:59.246 [info] > git rev-parse --show-toplevel [15ms]
2023-06-14 20:22:59.246 [info] fatal: not a git repository (or any of the parent directories): .git
2023-06-14 20:22:59.246 [info] > git for-each-ref --format=%(refname)%00%(upstream:short)%00%(objectname)%00%(upstream:track)%00%(upstream:remotename)%00%(upstream:remoteref) refs/heads/master refs/remotes/master [11ms]
2023-06-14 20:22:59.247 [info] > git rev-parse --show-toplevel [4ms]
2023-06-14 20:22:59.247 [info] fatal: not a git repository (or any of the parent directories): .git
2023-06-14 20:22:59.247 [info] > git status -z -uall [12ms]
2023-06-14 20:22:59.247 [info] > git rev-parse --show-toplevel [3ms]
2023-06-14 20:22:59.247 [info] fatal: not a git repository (or any of the parent directories): .git
2023-06-14 20:22:59.247 [info] > git rev-parse --show-toplevel [1ms]
2023-06-14 20:22:59.247 [info] fatal: not a git repository (or any of the parent directories): .git
2023-06-14 20:22:59.247 [info] > git rev-parse --show-toplevel [0ms]
2023-06-14 20:22:59.247 [info] fatal: not a git repository (or any of the parent directories): .git
2023-06-14 20:22:59.247 [info] > git rev-parse --show-toplevel [1ms]
2023-06-14 20:22:59.247 [info] fatal: not a git repository (or any of the parent directories): .git
2023-06-14 20:22:59.247 [info] > git fetch [483ms]
2023-06-14 20:22:59.247 [info] > git config --get commit.template [4ms]
2023-06-14 20:22:59.247 [info] > git for-each-ref --format=%(refname)%00%(upstream:short)%00%(objectname)%00%(upstream:track)%00%(upstream:remotename)%00%(upstream:remoteref) refs/heads/master refs/remotes/master [1ms]
2023-06-14 20:22:59.247 [info] > git status -z -uall [2ms]
2023-06-14 20:22:59.839 [info] > git fetch [1429ms]
2023-06-14 20:22:59.839 [info] Missing or invalid credentials.
Skip silent fetch commands
2023-06-14 20:22:59.847 [info] > git config --get commit.template [4ms]
2023-06-14 20:22:59.847 [info] > git for-each-ref --format=%(refname)%00%(upstream:short)%00%(objectname)%00%(upstream:track)%00%(upstream:remotename)%00%(upstream:remoteref) refs/heads/main refs/remotes/main [1ms]
2023-06-14 20:22:59.852 [info] > git status -z -uall [2ms]
2023-06-14 20:23:00.160 [info] > git config --get commit.template [5ms]
2023-06-14 20:23:00.161 [info] > git for-each-ref --format=%(refname)%00%(upstream:short)%00%(objectname)%00%(upstream:track)%00%(upstream:remotename)%00%(upstream:remoteref) refs/heads/master refs/remotes/master [2ms]
2023-06-14 20:23:00.166 [info] > git status -z -uall [2ms]
2023-06-14 20:23:02.757 [info] > git check-ignore -v -z --stdin [4ms]
2023-06-14 20:23:02.758 [info] > git check-ignore -v -z --stdin [2ms]
2023-06-14 20:24:36.080 [info] > git rev-parse --show-toplevel [1ms]
2023-06-14 20:24:36.080 [info] fatal: not a git repository (or any of the parent directories): .git
2023-06-14 20:24:36.084 [info] > git rev-parse --show-toplevel [0ms]
2023-06-14 20:24:36.084 [info] fatal: not a git repository (or any of the parent directories): .git
2023-06-14 20:24:36.155 [info] > git rev-parse --show-toplevel [2ms]
2023-06-14 20:24:36.155 [info] fatal: not a git repository (or any of the parent directories): .git
2023-06-14 20:24:36.160 [info] > git rev-parse --show-toplevel [2ms]
2023-06-14 20:24:36.160 [info] fatal: not a git repository (or any of the parent directories): .git
2023-06-14 20:24:36.667 [info] > git check-ignore -v -z --stdin [3ms]
2023-06-14 20:24:36.668 [info] > git check-ignore -v -z --stdin [2ms]
