2023-06-14 19:56:35.712 [info] Log level: Info
2023-06-14 19:56:35.712 [info] Validating found git in: "git"
2023-06-14 19:56:35.712 [info] Using git "2.34.1" from "git"
2023-06-14 19:56:35.712 [info] > git rev-parse --show-toplevel [24ms]
2023-06-14 19:56:35.712 [info] fatal: not a git repository (or any of the parent directories): .git
2023-06-14 19:56:35.712 [info] > git rev-parse --show-toplevel [1ms]
2023-06-14 19:56:35.712 [info] fatal: not a git repository (or any of the parent directories): .git
2023-06-14 19:56:35.712 [info] > git rev-parse --show-toplevel [0ms]
2023-06-14 19:56:35.712 [info] fatal: not a git repository (or any of the parent directories): .git
2023-06-14 19:56:35.712 [info] > git rev-parse --show-toplevel [1ms]
2023-06-14 19:56:35.712 [info] fatal: not a git repository (or any of the parent directories): .git
2023-06-14 19:56:35.712 [info] > git rev-parse --show-toplevel [1ms]
2023-06-14 19:56:35.712 [info] fatal: not a git repository (or any of the parent directories): .git
2023-06-14 19:56:35.712 [info] > git rev-parse --show-toplevel [0ms]
2023-06-14 19:56:35.712 [info] fatal: not a git repository (or any of the parent directories): .git
2023-06-14 19:56:35.712 [info] > git rev-parse --show-toplevel [1ms]
2023-06-14 19:56:35.712 [info] > git rev-parse --git-dir --git-common-dir [0ms]
2023-06-14 19:56:35.712 [info] Open repository: /home/jmat/UEFI-DataBase-F
2023-06-14 19:56:35.712 [info] > git rev-parse --show-toplevel [4ms]
2023-06-14 19:56:35.712 [info] fatal: not a git repository (or any of the parent directories): .git
2023-06-14 19:56:35.712 [info] > git config --get commit.template [9ms]
2023-06-14 19:56:35.712 [info] > git rev-parse --show-toplevel [6ms]
2023-06-14 19:56:35.712 [info] > git for-each-ref --format=%(refname)%00%(upstream:short)%00%(objectname)%00%(upstream:track)%00%(upstream:remotename)%00%(upstream:remoteref) refs/heads/main refs/remotes/main [1ms]
2023-06-14 19:56:35.712 [info] > git rev-parse --git-dir --git-common-dir [8ms]
2023-06-14 19:56:35.712 [info] Open repository: /home/jmat/elk-docker
2023-06-14 19:56:35.712 [info] > git status -z -uall [14ms]
2023-06-14 19:56:35.712 [info] > git rev-parse --show-toplevel [4ms]
2023-06-14 19:56:35.712 [info] fatal: not a git repository (or any of the parent directories): .git
2023-06-14 19:56:35.712 [info] > git rev-parse --show-toplevel [10ms]
2023-06-14 19:56:35.712 [info] fatal: not a git repository (or any of the parent directories): .git
2023-06-14 19:56:35.712 [info] > git config --get commit.template [16ms]
2023-06-14 19:56:35.712 [info] > git rev-parse --show-toplevel [1ms]
2023-06-14 19:56:35.712 [info] fatal: not a git repository (or any of the parent directories): .git
2023-06-14 19:56:35.712 [info] > git config --get commit.template [7ms]
2023-06-14 19:56:35.712 [info] > git rev-parse --show-toplevel [8ms]
2023-06-14 19:56:35.712 [info] fatal: not a git repository (or any of the parent directories): .git
2023-06-14 19:56:35.712 [info] > git for-each-ref --format=%(refname)%00%(upstream:short)%00%(objectname)%00%(upstream:track)%00%(upstream:remotename)%00%(upstream:remoteref) refs/heads/main refs/remotes/main [4ms]
2023-06-14 19:56:35.712 [info] > git for-each-ref --format=%(refname)%00%(upstream:short)%00%(objectname)%00%(upstream:track)%00%(upstream:remotename)%00%(upstream:remoteref) refs/heads/master refs/remotes/master [11ms]
2023-06-14 19:56:35.712 [info] > git status -z -uall [4ms]
2023-06-14 19:56:35.712 [info] > git rev-parse --show-toplevel [9ms]
2023-06-14 19:56:35.712 [info] fatal: not a git repository (or any of the parent directories): .git
2023-06-14 19:56:35.712 [info] > git status -z -uall [6ms]
2023-06-14 19:56:35.712 [info] > git config --get commit.template [3ms]
2023-06-14 19:56:35.712 [info] > git for-each-ref --format=%(refname)%00%(upstream:short)%00%(objectname)%00%(upstream:track)%00%(upstream:remotename)%00%(upstream:remoteref) refs/heads/master refs/remotes/master [1ms]
2023-06-14 19:56:35.712 [info] > git status -z -uall [3ms]
2023-06-14 19:56:35.712 [info] > git fetch [473ms]
2023-06-14 19:56:35.712 [info] > git config --get commit.template [3ms]
2023-06-14 19:56:35.712 [info] > git for-each-ref --format=%(refname)%00%(upstream:short)%00%(objectname)%00%(upstream:track)%00%(upstream:remotename)%00%(upstream:remoteref) refs/heads/master refs/remotes/master [1ms]
2023-06-14 19:56:35.712 [info] > git status -z -uall [2ms]
2023-06-14 19:56:35.712 [info] > git rev-parse --show-toplevel [1ms]
2023-06-14 19:56:35.712 [info] fatal: not a git repository (or any of the parent directories): .git
2023-06-14 19:56:35.712 [info] > git rev-parse --show-toplevel [1ms]
2023-06-14 19:56:35.712 [info] fatal: not a git repository (or any of the parent directories): .git
2023-06-14 19:56:35.712 [info] > git rev-parse --show-toplevel [1ms]
2023-06-14 19:56:35.712 [info] fatal: not a git repository (or any of the parent directories): .git
2023-06-14 19:56:35.712 [info] > git rev-parse --show-toplevel [0ms]
2023-06-14 19:56:35.712 [info] fatal: not a git repository (or any of the parent directories): .git
2023-06-14 19:56:35.712 [info] > git rev-parse --show-toplevel [3ms]
2023-06-14 19:56:35.712 [info] fatal: not a git repository (or any of the parent directories): .git
2023-06-14 19:56:35.713 [info] > git rev-parse --show-toplevel [2ms]
2023-06-14 19:56:35.713 [info] fatal: not a git repository (or any of the parent directories): .git
2023-06-14 19:56:35.755 [info] > git check-ignore -v -z --stdin [5ms]
2023-06-14 19:56:35.756 [info] > git check-ignore -v -z --stdin [2ms]
2023-06-14 19:56:36.503 [info] > git fetch [1450ms]
2023-06-14 19:56:36.503 [info] Missing or invalid credentials.
Skip silent fetch commands
2023-06-14 19:56:36.511 [info] > git config --get commit.template [4ms]
2023-06-14 19:56:36.511 [info] > git for-each-ref --format=%(refname)%00%(upstream:short)%00%(objectname)%00%(upstream:track)%00%(upstream:remotename)%00%(upstream:remoteref) refs/heads/main refs/remotes/main [1ms]
2023-06-14 19:56:36.515 [info] > git status -z -uall [1ms]
2023-06-14 19:56:36.782 [info] > git config --get commit.template [3ms]
2023-06-14 19:56:36.783 [info] > git for-each-ref --format=%(refname)%00%(upstream:short)%00%(objectname)%00%(upstream:track)%00%(upstream:remotename)%00%(upstream:remoteref) refs/heads/master refs/remotes/master [1ms]
2023-06-14 19:56:36.787 [info] > git status -z -uall [2ms]
