2023-06-14 20:02:25.811 [info] Log level: Info
2023-06-14 20:02:25.811 [info] Validating found git in: "git"
2023-06-14 20:02:25.811 [info] Using git "2.34.1" from "git"
2023-06-14 20:02:25.811 [info] > git rev-parse --show-toplevel [23ms]
2023-06-14 20:02:25.811 [info] fatal: not a git repository (or any of the parent directories): .git
2023-06-14 20:02:25.811 [info] > git rev-parse --show-toplevel [1ms]
2023-06-14 20:02:25.811 [info] fatal: not a git repository (or any of the parent directories): .git
2023-06-14 20:02:25.812 [info] > git rev-parse --show-toplevel [1ms]
2023-06-14 20:02:25.812 [info] fatal: not a git repository (or any of the parent directories): .git
2023-06-14 20:02:25.812 [info] > git rev-parse --show-toplevel [1ms]
2023-06-14 20:02:25.812 [info] fatal: not a git repository (or any of the parent directories): .git
2023-06-14 20:02:25.812 [info] > git rev-parse --show-toplevel [1ms]
2023-06-14 20:02:25.812 [info] fatal: not a git repository (or any of the parent directories): .git
2023-06-14 20:02:25.812 [info] > git rev-parse --show-toplevel [1ms]
2023-06-14 20:02:25.812 [info] fatal: not a git repository (or any of the parent directories): .git
2023-06-14 20:02:25.812 [info] > git rev-parse --show-toplevel [1ms]
2023-06-14 20:02:25.812 [info] > git rev-parse --git-dir --git-common-dir [1ms]
2023-06-14 20:02:25.812 [info] Open repository: /home/jmat/UEFI-DataBase-F
2023-06-14 20:02:25.812 [info] > git rev-parse --show-toplevel [10ms]
2023-06-14 20:02:25.812 [info] fatal: not a git repository (or any of the parent directories): .git
2023-06-14 20:02:25.812 [info] > git config --get commit.template [10ms]
2023-06-14 20:02:25.812 [info] > git rev-parse --show-toplevel [2ms]
2023-06-14 20:02:25.812 [info] > git for-each-ref --format=%(refname)%00%(upstream:short)%00%(objectname)%00%(upstream:track)%00%(upstream:remotename)%00%(upstream:remoteref) refs/heads/main refs/remotes/main [1ms]
2023-06-14 20:02:25.812 [info] > git rev-parse --git-dir --git-common-dir [8ms]
2023-06-14 20:02:25.812 [info] Open repository: /home/jmat/elk-docker
2023-06-14 20:02:25.812 [info] > git status -z -uall [16ms]
2023-06-14 20:02:25.812 [info] > git rev-parse --show-toplevel [5ms]
2023-06-14 20:02:25.812 [info] fatal: not a git repository (or any of the parent directories): .git
2023-06-14 20:02:25.812 [info] > git rev-parse --show-toplevel [11ms]
2023-06-14 20:02:25.812 [info] fatal: not a git repository (or any of the parent directories): .git
2023-06-14 20:02:25.812 [info] > git config --get commit.template [18ms]
2023-06-14 20:02:25.812 [info] > git rev-parse --show-toplevel [2ms]
2023-06-14 20:02:25.812 [info] fatal: not a git repository (or any of the parent directories): .git
2023-06-14 20:02:25.812 [info] > git config --get commit.template [9ms]
2023-06-14 20:02:25.812 [info] > git rev-parse --show-toplevel [6ms]
2023-06-14 20:02:25.812 [info] fatal: not a git repository (or any of the parent directories): .git
2023-06-14 20:02:25.812 [info] > git for-each-ref --format=%(refname)%00%(upstream:short)%00%(objectname)%00%(upstream:track)%00%(upstream:remotename)%00%(upstream:remoteref) refs/heads/main refs/remotes/main [6ms]
2023-06-14 20:02:25.812 [info] > git for-each-ref --format=%(refname)%00%(upstream:short)%00%(objectname)%00%(upstream:track)%00%(upstream:remotename)%00%(upstream:remoteref) refs/heads/master refs/remotes/master [12ms]
2023-06-14 20:02:25.812 [info] > git status -z -uall [4ms]
2023-06-14 20:02:25.812 [info] > git rev-parse --show-toplevel [11ms]
2023-06-14 20:02:25.812 [info] fatal: not a git repository (or any of the parent directories): .git
2023-06-14 20:02:25.812 [info] > git status -z -uall [6ms]
2023-06-14 20:02:25.812 [info] > git config --get commit.template [12ms]
2023-06-14 20:02:25.812 [info] > git rev-parse --show-toplevel [9ms]
2023-06-14 20:02:25.812 [info] fatal: not a git repository (or any of the parent directories): .git
2023-06-14 20:02:25.812 [info] > git for-each-ref --format=%(refname)%00%(upstream:short)%00%(objectname)%00%(upstream:track)%00%(upstream:remotename)%00%(upstream:remoteref) refs/heads/master refs/remotes/master [9ms]
2023-06-14 20:02:25.812 [info] > git rev-parse --show-toplevel [4ms]
2023-06-14 20:02:25.812 [info] fatal: not a git repository (or any of the parent directories): .git
2023-06-14 20:02:25.812 [info] > git status -z -uall [13ms]
2023-06-14 20:02:25.812 [info] > git rev-parse --show-toplevel [2ms]
2023-06-14 20:02:25.812 [info] fatal: not a git repository (or any of the parent directories): .git
2023-06-14 20:02:25.812 [info] > git rev-parse --show-toplevel [3ms]
2023-06-14 20:02:25.812 [info] fatal: not a git repository (or any of the parent directories): .git
2023-06-14 20:02:25.812 [info] > git rev-parse --show-toplevel [1ms]
2023-06-14 20:02:25.812 [info] fatal: not a git repository (or any of the parent directories): .git
2023-06-14 20:02:25.812 [info] > git rev-parse --show-toplevel [1ms]
2023-06-14 20:02:25.812 [info] fatal: not a git repository (or any of the parent directories): .git
2023-06-14 20:02:25.812 [info] > git rev-parse --show-toplevel [21ms]
2023-06-14 20:02:25.812 [info] fatal: not a git repository (or any of the parent directories): .git
2023-06-14 20:02:25.812 [info] > git rev-parse --show-toplevel [0ms]
2023-06-14 20:02:25.812 [info] fatal: not a git repository (or any of the parent directories): .git
2023-06-14 20:02:25.812 [info] > git fetch [479ms]
2023-06-14 20:02:25.812 [info] > git config --get commit.template [3ms]
2023-06-14 20:02:25.812 [info] > git for-each-ref --format=%(refname)%00%(upstream:short)%00%(objectname)%00%(upstream:track)%00%(upstream:remotename)%00%(upstream:remoteref) refs/heads/master refs/remotes/master [1ms]
2023-06-14 20:02:25.812 [info] > git status -z -uall [2ms]
2023-06-14 20:02:26.234 [info] > git fetch [1409ms]
2023-06-14 20:02:26.234 [info] Missing or invalid credentials.
Skip silent fetch commands
2023-06-14 20:02:26.241 [info] > git config --get commit.template [3ms]
2023-06-14 20:02:26.241 [info] > git for-each-ref --format=%(refname)%00%(upstream:short)%00%(objectname)%00%(upstream:track)%00%(upstream:remotename)%00%(upstream:remoteref) refs/heads/main refs/remotes/main [1ms]
2023-06-14 20:02:26.245 [info] > git status -z -uall [1ms]
2023-06-14 20:02:26.670 [info] > git config --get commit.template [3ms]
2023-06-14 20:02:26.671 [info] > git for-each-ref --format=%(refname)%00%(upstream:short)%00%(objectname)%00%(upstream:track)%00%(upstream:remotename)%00%(upstream:remoteref) refs/heads/master refs/remotes/master [1ms]
2023-06-14 20:02:26.676 [info] > git status -z -uall [2ms]
2023-06-14 20:02:34.852 [info] > git check-ignore -v -z --stdin [4ms]
2023-06-14 20:02:34.852 [info] > git check-ignore -v -z --stdin [2ms]
