2023-06-14 20:26:15.944 [info] Log level: Info
2023-06-14 20:26:15.944 [info] Validating found git in: "git"
2023-06-14 20:26:15.944 [info] Using git "2.34.1" from "git"
2023-06-14 20:26:15.944 [info] > git rev-parse --show-toplevel [24ms]
2023-06-14 20:26:15.944 [info] fatal: not a git repository (or any of the parent directories): .git
2023-06-14 20:26:15.944 [info] > git rev-parse --show-toplevel [1ms]
2023-06-14 20:26:15.944 [info] fatal: not a git repository (or any of the parent directories): .git
2023-06-14 20:26:15.944 [info] > git rev-parse --show-toplevel [0ms]
2023-06-14 20:26:15.944 [info] fatal: not a git repository (or any of the parent directories): .git
2023-06-14 20:26:15.944 [info] > git rev-parse --show-toplevel [1ms]
2023-06-14 20:26:15.944 [info] fatal: not a git repository (or any of the parent directories): .git
2023-06-14 20:26:15.944 [info] > git rev-parse --show-toplevel [1ms]
2023-06-14 20:26:15.945 [info] fatal: not a git repository (or any of the parent directories): .git
2023-06-14 20:26:15.945 [info] > git rev-parse --show-toplevel [1ms]
2023-06-14 20:26:15.945 [info] fatal: not a git repository (or any of the parent directories): .git
2023-06-14 20:26:15.945 [info] > git rev-parse --show-toplevel [1ms]
2023-06-14 20:26:15.945 [info] > git rev-parse --git-dir --git-common-dir [1ms]
2023-06-14 20:26:15.945 [info] Open repository: /home/jmat/UEFI-DataBase-F
2023-06-14 20:26:15.945 [info] > git rev-parse --show-toplevel [5ms]
2023-06-14 20:26:15.945 [info] fatal: not a git repository (or any of the parent directories): .git
2023-06-14 20:26:15.945 [info] > git config --get commit.template [5ms]
2023-06-14 20:26:15.945 [info] > git rev-parse --show-toplevel [1ms]
2023-06-14 20:26:15.945 [info] > git rev-parse --git-dir --git-common-dir [5ms]
2023-06-14 20:26:15.945 [info] Open repository: /home/jmat/elk-docker
2023-06-14 20:26:15.945 [info] > git rev-parse --show-toplevel [4ms]
2023-06-14 20:26:15.945 [info] fatal: not a git repository (or any of the parent directories): .git
2023-06-14 20:26:15.945 [info] > git for-each-ref --format=%(refname)%00%(upstream:short)%00%(objectname)%00%(upstream:track)%00%(upstream:remotename)%00%(upstream:remoteref) refs/heads/main refs/remotes/main [20ms]
2023-06-14 20:26:15.945 [info] > git status -z -uall [1ms]
2023-06-14 20:26:15.945 [info] > git rev-parse --show-toplevel [5ms]
2023-06-14 20:26:15.945 [info] fatal: not a git repository (or any of the parent directories): .git
2023-06-14 20:26:15.945 [info] > git config --get commit.template [12ms]
2023-06-14 20:26:15.945 [info] > git rev-parse --show-toplevel [2ms]
2023-06-14 20:26:15.945 [info] fatal: not a git repository (or any of the parent directories): .git
2023-06-14 20:26:15.945 [info] > git rev-parse --show-toplevel [14ms]
2023-06-14 20:26:15.945 [info] fatal: not a git repository (or any of the parent directories): .git
2023-06-14 20:26:15.945 [info] > git config --get commit.template [4ms]
2023-06-14 20:26:15.945 [info] > git for-each-ref --format=%(refname)%00%(upstream:short)%00%(objectname)%00%(upstream:track)%00%(upstream:remotename)%00%(upstream:remoteref) refs/heads/master refs/remotes/master [8ms]
2023-06-14 20:26:15.945 [info] > git rev-parse --show-toplevel [5ms]
2023-06-14 20:26:15.945 [info] fatal: not a git repository (or any of the parent directories): .git
2023-06-14 20:26:15.945 [info] > git status -z -uall [7ms]
2023-06-14 20:26:15.945 [info] > git for-each-ref --format=%(refname)%00%(upstream:short)%00%(objectname)%00%(upstream:track)%00%(upstream:remotename)%00%(upstream:remoteref) refs/heads/main refs/remotes/main [11ms]
2023-06-14 20:26:15.945 [info] > git config --get commit.template [7ms]
2023-06-14 20:26:15.945 [info] > git status -z -uall [7ms]
2023-06-14 20:26:15.945 [info] > git for-each-ref --format=%(refname)%00%(upstream:short)%00%(objectname)%00%(upstream:track)%00%(upstream:remotename)%00%(upstream:remoteref) refs/heads/master refs/remotes/master [3ms]
2023-06-14 20:26:15.945 [info] > git status -z -uall [2ms]
2023-06-14 20:26:15.945 [info] > git fetch [456ms]
2023-06-14 20:26:15.945 [info] > git config --get commit.template [0ms]
2023-06-14 20:26:15.945 [info] > git for-each-ref --format=%(refname)%00%(upstream:short)%00%(objectname)%00%(upstream:track)%00%(upstream:remotename)%00%(upstream:remoteref) refs/heads/master refs/remotes/master [1ms]
2023-06-14 20:26:15.945 [info] > git status -z -uall [2ms]
2023-06-14 20:26:15.945 [info] > git rev-parse --show-toplevel [1ms]
2023-06-14 20:26:15.945 [info] fatal: not a git repository (or any of the parent directories): .git
2023-06-14 20:26:15.945 [info] > git rev-parse --show-toplevel [1ms]
2023-06-14 20:26:15.945 [info] fatal: not a git repository (or any of the parent directories): .git
2023-06-14 20:26:15.945 [info] > git rev-parse --show-toplevel [1ms]
2023-06-14 20:26:15.945 [info] fatal: not a git repository (or any of the parent directories): .git
2023-06-14 20:26:15.945 [info] > git rev-parse --show-toplevel [8ms]
2023-06-14 20:26:15.945 [info] fatal: not a git repository (or any of the parent directories): .git
2023-06-14 20:26:15.945 [info] > git rev-parse --show-toplevel [3ms]
2023-06-14 20:26:15.945 [info] fatal: not a git repository (or any of the parent directories): .git
2023-06-14 20:26:15.946 [info] > git rev-parse --show-toplevel [2ms]
2023-06-14 20:26:15.946 [info] fatal: not a git repository (or any of the parent directories): .git
2023-06-14 20:26:16.988 [info] > git fetch [1611ms]
2023-06-14 20:26:16.988 [info] Missing or invalid credentials.
Skip silent fetch commands
2023-06-14 20:26:16.995 [info] > git config --get commit.template [4ms]
2023-06-14 20:26:16.996 [info] > git for-each-ref --format=%(refname)%00%(upstream:short)%00%(objectname)%00%(upstream:track)%00%(upstream:remotename)%00%(upstream:remoteref) refs/heads/main refs/remotes/main [2ms]
2023-06-14 20:26:17.000 [info] > git status -z -uall [2ms]
2023-06-14 20:26:17.044 [info] > git config --get commit.template [4ms]
2023-06-14 20:26:17.045 [info] > git for-each-ref --format=%(refname)%00%(upstream:short)%00%(objectname)%00%(upstream:track)%00%(upstream:remotename)%00%(upstream:remoteref) refs/heads/master refs/remotes/master [1ms]
2023-06-14 20:26:17.049 [info] > git status -z -uall [2ms]
2023-06-14 21:29:58.323 [info] > git fetch [450ms]
2023-06-14 21:29:58.330 [info] > git config --get commit.template [4ms]
2023-06-14 21:29:58.330 [info] > git for-each-ref --format=%(refname)%00%(upstream:short)%00%(objectname)%00%(upstream:track)%00%(upstream:remotename)%00%(upstream:remoteref) refs/heads/master refs/remotes/master [1ms]
2023-06-14 21:29:58.335 [info] > git status -z -uall [2ms]
2023-06-14 21:29:59.275 [info] > git fetch [1399ms]
2023-06-14 21:29:59.275 [info] Missing or invalid credentials.
Skip silent fetch commands
2023-06-14 21:29:59.281 [info] > git config --get commit.template [3ms]
2023-06-14 21:29:59.282 [info] > git for-each-ref --format=%(refname)%00%(upstream:short)%00%(objectname)%00%(upstream:track)%00%(upstream:remotename)%00%(upstream:remoteref) refs/heads/main refs/remotes/main [1ms]
2023-06-14 21:29:59.285 [info] > git status -z -uall [1ms]
2023-06-14 21:29:59.478 [info] > git for-each-ref --format=%(refname)%00%(upstream:short)%00%(objectname)%00%(upstream:track)%00%(upstream:remotename)%00%(upstream:remoteref) refs/heads/master refs/remotes/master [1ms]
2023-06-14 21:29:59.478 [info] > git config --get commit.template [4ms]
2023-06-14 21:29:59.483 [info] > git status -z -uall [2ms]
2023-06-14 21:30:00.335 [info] > git config --get commit.template [3ms]
2023-06-14 21:30:00.336 [info] > git for-each-ref --format=%(refname)%00%(upstream:short)%00%(objectname)%00%(upstream:track)%00%(upstream:remotename)%00%(upstream:remoteref) refs/heads/main refs/remotes/main [1ms]
2023-06-14 21:30:00.339 [info] > git status -z -uall [1ms]
2023-06-14 21:36:58.262 [info] > git fetch [557ms]
2023-06-14 21:36:58.268 [info] > git config --get commit.template [3ms]
2023-06-14 21:36:58.269 [info] > git for-each-ref --format=%(refname)%00%(upstream:short)%00%(objectname)%00%(upstream:track)%00%(upstream:remotename)%00%(upstream:remoteref) refs/heads/master refs/remotes/master [1ms]
2023-06-14 21:36:58.273 [info] > git status -z -uall [2ms]
2023-06-14 21:36:59.148 [info] > git fetch [1440ms]
2023-06-14 21:36:59.149 [info] Missing or invalid credentials.
Skip silent fetch commands
2023-06-14 21:36:59.155 [info] > git config --get commit.template [3ms]
2023-06-14 21:36:59.156 [info] > git for-each-ref --format=%(refname)%00%(upstream:short)%00%(objectname)%00%(upstream:track)%00%(upstream:remotename)%00%(upstream:remoteref) refs/heads/main refs/remotes/main [1ms]
2023-06-14 21:36:59.159 [info] > git status -z -uall [1ms]
2023-06-14 21:36:59.358 [info] > git config --get commit.template [4ms]
2023-06-14 21:36:59.358 [info] > git for-each-ref --format=%(refname)%00%(upstream:short)%00%(objectname)%00%(upstream:track)%00%(upstream:remotename)%00%(upstream:remoteref) refs/heads/master refs/remotes/master [1ms]
2023-06-14 21:36:59.363 [info] > git status -z -uall [2ms]
2023-06-14 21:47:32.660 [info] > git rev-parse --show-toplevel [1ms]
2023-06-14 21:47:32.660 [info] fatal: not a git repository (or any of the parent directories): .git
2023-06-14 21:47:32.663 [info] > git rev-parse --show-toplevel [1ms]
2023-06-14 21:47:32.663 [info] fatal: not a git repository (or any of the parent directories): .git
2023-06-14 21:47:32.698 [info] > git rev-parse --show-toplevel [9ms]
2023-06-14 21:47:32.698 [info] fatal: not a git repository (or any of the parent directories): .git
2023-06-14 21:47:32.706 [info] > git rev-parse --show-toplevel [4ms]
2023-06-14 21:47:32.706 [info] fatal: not a git repository (or any of the parent directories): .git
2023-06-14 21:47:33.200 [info] > git check-ignore -v -z --stdin [5ms]
2023-06-14 21:47:33.200 [info] > git check-ignore -v -z --stdin [1ms]
2023-06-14 21:47:33.202 [info] > git fetch [508ms]
2023-06-14 21:47:33.209 [info] > git config --get commit.template [3ms]
2023-06-14 21:47:33.210 [info] > git for-each-ref --format=%(refname)%00%(upstream:short)%00%(objectname)%00%(upstream:track)%00%(upstream:remotename)%00%(upstream:remoteref) refs/heads/master refs/remotes/master [0ms]
2023-06-14 21:47:33.214 [info] > git status -z -uall [2ms]
2023-06-14 21:47:34.137 [info] > git fetch [1440ms]
2023-06-14 21:47:34.137 [info] Missing or invalid credentials.
Skip silent fetch commands
2023-06-14 21:47:34.143 [info] > git config --get commit.template [3ms]
2023-06-14 21:47:34.144 [info] > git for-each-ref --format=%(refname)%00%(upstream:short)%00%(objectname)%00%(upstream:track)%00%(upstream:remotename)%00%(upstream:remoteref) refs/heads/main refs/remotes/main [1ms]
2023-06-14 21:47:34.148 [info] > git status -z -uall [1ms]
2023-06-14 21:47:34.355 [info] > git config --get commit.template [3ms]
2023-06-14 21:47:34.356 [info] > git for-each-ref --format=%(refname)%00%(upstream:short)%00%(objectname)%00%(upstream:track)%00%(upstream:remotename)%00%(upstream:remoteref) refs/heads/master refs/remotes/master [1ms]
2023-06-14 21:47:34.361 [info] > git status -z -uall [2ms]
2023-06-14 21:47:35.160 [info] > git config --get commit.template [3ms]
2023-06-14 21:47:35.161 [info] > git for-each-ref --format=%(refname)%00%(upstream:short)%00%(objectname)%00%(upstream:track)%00%(upstream:remotename)%00%(upstream:remoteref) refs/heads/main refs/remotes/main [1ms]
2023-06-14 21:47:35.165 [info] > git status -z -uall [1ms]
2023-06-14 21:47:51.405 [info] > git add -A -- . [4ms]
2023-06-14 21:47:52.528 [info] > git rev-parse --show-toplevel [2ms]
2023-06-14 21:47:52.528 [info] fatal: not a git repository (or any of the parent directories): .git
2023-06-14 21:47:52.533 [info] > git rev-parse --show-toplevel [2ms]
2023-06-14 21:47:52.533 [info] fatal: not a git repository (or any of the parent directories): .git
2023-06-14 21:47:52.707 [info] > git show --textconv :.git/COMMIT_EDITMSG [4ms]
2023-06-14 21:47:52.708 [info] > git ls-files --stage -- /home/jmat/UEFI-DataBase-F/.git/COMMIT_EDITMSG [2ms]
2023-06-14 21:47:53.017 [info] > git check-ignore -v -z --stdin [0ms]
2023-06-14 21:48:37.829 [info] > git show --textconv HEAD:docker-compose.yml [5ms]
2023-06-14 21:48:37.831 [info] > git ls-tree -l HEAD -- /home/jmat/elk-docker/docker-compose.yml [2ms]
2023-06-14 21:48:38.383 [info] > git check-ignore -v -z --stdin [1ms]
2023-06-14 22:04:04.318 [info] > git fetch [445ms]
2023-06-14 22:04:04.328 [info] > git config --get commit.template [4ms]
2023-06-14 22:04:04.328 [info] > git for-each-ref --format=%(refname)%00%(upstream:short)%00%(objectname)%00%(upstream:track)%00%(upstream:remotename)%00%(upstream:remoteref) refs/heads/master refs/remotes/master [1ms]
2023-06-14 22:04:04.335 [info] > git status -z -uall [2ms]
2023-06-14 22:04:07.844 [info] > git config --get commit.template [5ms]
2023-06-14 22:04:07.845 [info] > git for-each-ref --format=%(refname)%00%(upstream:short)%00%(objectname)%00%(upstream:track)%00%(upstream:remotename)%00%(upstream:remoteref) refs/heads/master refs/remotes/master [2ms]
2023-06-14 22:04:07.850 [info] > git status -z -uall [2ms]
2023-06-14 22:04:08.135 [info] > git ls-tree -l HEAD -- /home/jmat/elk-docker/docker-compose.yml [1ms]
2023-06-14 22:04:11.892 [info] > git show --textconv HEAD:docker-compose.yml [1ms]
2023-06-14 22:04:12.858 [info] > git config --get commit.template [1ms]
2023-06-14 22:04:12.861 [info] > git for-each-ref --format=%(refname)%00%(upstream:short)%00%(objectname)%00%(upstream:track)%00%(upstream:remotename)%00%(upstream:remoteref) refs/heads/master refs/remotes/master [1ms]
2023-06-14 22:04:12.866 [info] > git status -z -uall [2ms]
2023-06-14 22:04:14.783 [info] > git rev-parse --show-toplevel [2ms]
2023-06-14 22:04:14.783 [info] fatal: not a git repository (or any of the parent directories): .git
2023-06-14 22:04:14.786 [info] > git rev-parse --show-toplevel [0ms]
2023-06-14 22:04:14.786 [info] fatal: not a git repository (or any of the parent directories): .git
2023-06-14 22:07:04.838 [info] > git fetch [492ms]
2023-06-14 22:07:04.850 [info] > git config --get commit.template [5ms]
2023-06-14 22:07:04.850 [info] > git for-each-ref --format=%(refname)%00%(upstream:short)%00%(objectname)%00%(upstream:track)%00%(upstream:remotename)%00%(upstream:remoteref) refs/heads/master refs/remotes/master [1ms]
2023-06-14 22:07:04.858 [info] > git status -z -uall [2ms]
2023-06-14 22:07:06.038 [info] > git config --get commit.template [6ms]
2023-06-14 22:07:06.038 [info] > git for-each-ref --format=%(refname)%00%(upstream:short)%00%(objectname)%00%(upstream:track)%00%(upstream:remotename)%00%(upstream:remoteref) refs/heads/master refs/remotes/master [1ms]
2023-06-14 22:07:06.045 [info] > git status -z -uall [2ms]
2023-06-14 22:07:06.167 [info] > git ls-tree -l HEAD -- /home/jmat/elk-docker/docker-compose.yml [1ms]
2023-06-14 22:07:06.246 [info] > git show --textconv HEAD:docker-compose.yml [1ms]
2023-06-14 22:07:11.060 [info] > git config --get commit.template [5ms]
2023-06-14 22:07:11.061 [info] > git for-each-ref --format=%(refname)%00%(upstream:short)%00%(objectname)%00%(upstream:track)%00%(upstream:remotename)%00%(upstream:remoteref) refs/heads/master refs/remotes/master [1ms]
2023-06-14 22:07:11.067 [info] > git status -z -uall [2ms]
2023-06-14 22:10:05.370 [info] > git fetch [504ms]
2023-06-14 22:10:05.380 [info] > git config --get commit.template [5ms]
2023-06-14 22:10:05.381 [info] > git for-each-ref --format=%(refname)%00%(upstream:short)%00%(objectname)%00%(upstream:track)%00%(upstream:remotename)%00%(upstream:remoteref) refs/heads/master refs/remotes/master [1ms]
2023-06-14 22:10:05.387 [info] > git status -z -uall [2ms]
2023-06-14 22:10:06.533 [info] > git config --get commit.template [5ms]
2023-06-14 22:10:06.534 [info] > git for-each-ref --format=%(refname)%00%(upstream:short)%00%(objectname)%00%(upstream:track)%00%(upstream:remotename)%00%(upstream:remoteref) refs/heads/master refs/remotes/master [1ms]
2023-06-14 22:10:06.540 [info] > git status -z -uall [2ms]
2023-06-14 22:10:06.647 [info] > git ls-tree -l HEAD -- /home/jmat/elk-docker/docker-compose.yml [1ms]
2023-06-14 22:10:06.666 [info] > git show --textconv HEAD:docker-compose.yml [1ms]
2023-06-14 22:10:11.554 [info] > git config --get commit.template [5ms]
2023-06-14 22:10:11.555 [info] > git for-each-ref --format=%(refname)%00%(upstream:short)%00%(objectname)%00%(upstream:track)%00%(upstream:remotename)%00%(upstream:remoteref) refs/heads/master refs/remotes/master [1ms]
2023-06-14 22:10:11.561 [info] > git status -z -uall [2ms]
2023-06-14 22:12:20.252 [info] > git -c user.useConfigOnly=true commit --quiet [1468844ms]
2023-06-14 22:12:20.252 [info] Aborting commit due to empty commit message.
2023-06-14 22:12:20.263 [info] > git config --get commit.template [5ms]
2023-06-14 22:12:20.263 [info] > git for-each-ref --format=%(refname)%00%(upstream:short)%00%(objectname)%00%(upstream:track)%00%(upstream:remotename)%00%(upstream:remoteref) refs/heads/main refs/remotes/main [1ms]
2023-06-14 22:12:20.269 [info] > git status -z -uall [2ms]
2023-06-14 22:12:21.710 [info] > git fetch [1432ms]
2023-06-14 22:12:21.710 [info] Missing or invalid credentials.
Skip silent fetch commands
2023-06-14 22:12:21.720 [info] > git config --get commit.template [4ms]
2023-06-14 22:12:21.721 [info] > git for-each-ref --format=%(refname)%00%(upstream:short)%00%(objectname)%00%(upstream:track)%00%(upstream:remotename)%00%(upstream:remoteref) refs/heads/main refs/remotes/main [1ms]
2023-06-14 22:12:21.726 [info] > git status -z -uall [2ms]
2023-06-14 22:12:22.902 [info] > git add -A -- . [5ms]
2023-06-14 22:12:23.577 [info] > git show --textconv :.git/COMMIT_EDITMSG [5ms]
2023-06-14 22:12:23.579 [info] > git ls-files --stage -- /home/jmat/elk-docker/.git/COMMIT_EDITMSG [1ms]
2023-06-14 22:12:23.771 [info] > git check-ignore -v -z --stdin [1ms]
2023-06-14 22:12:24.555 [info] > git ls-files --stage -- /home/jmat/elk-docker/.git/COMMIT_EDITMSG [1ms]
2023-06-14 22:12:24.588 [info] > git show --textconv :.git/COMMIT_EDITMSG [1ms]
2023-06-14 22:13:41.583 [info] > git check-ignore -v -z --stdin [1ms]
2023-06-14 22:14:08.352 [info] > git -c user.useConfigOnly=true commit --quiet [105444ms]
2023-06-14 22:14:08.352 [info] Aborting commit due to empty commit message.
2023-06-14 22:14:08.362 [info] > git config --get commit.template [5ms]
2023-06-14 22:14:08.362 [info] > git for-each-ref --format=%(refname)%00%(upstream:short)%00%(objectname)%00%(upstream:track)%00%(upstream:remotename)%00%(upstream:remoteref) refs/heads/master refs/remotes/master [1ms]
2023-06-14 22:14:08.368 [info] > git status -z -uall [2ms]
2023-06-14 22:14:08.826 [info] > git fetch [451ms]
2023-06-14 22:14:08.836 [info] > git config --get commit.template [5ms]
2023-06-14 22:14:08.836 [info] > git for-each-ref --format=%(refname)%00%(upstream:short)%00%(objectname)%00%(upstream:track)%00%(upstream:remotename)%00%(upstream:remoteref) refs/heads/master refs/remotes/master [1ms]
2023-06-14 22:14:08.842 [info] > git status -z -uall [2ms]
2023-06-14 22:14:10.118 [info] > git config --get commit.template [5ms]
2023-06-14 22:14:10.119 [info] > git for-each-ref --format=%(refname)%00%(upstream:short)%00%(objectname)%00%(upstream:track)%00%(upstream:remotename)%00%(upstream:remoteref) refs/heads/master refs/remotes/master [1ms]
2023-06-14 22:14:10.124 [info] > git status -z -uall [1ms]
2023-06-14 22:14:15.138 [info] > git config --get commit.template [5ms]
2023-06-14 22:14:15.139 [info] > git for-each-ref --format=%(refname)%00%(upstream:short)%00%(objectname)%00%(upstream:track)%00%(upstream:remotename)%00%(upstream:remoteref) refs/heads/master refs/remotes/master [1ms]
2023-06-14 22:14:15.144 [info] > git status -z -uall [1ms]
2023-06-14 22:14:16.546 [info] > git show --textconv HEAD:docker-compose.yml [13ms]
2023-06-14 22:14:16.546 [info] > git show --textconv :docker-compose.yml [9ms]
2023-06-14 22:14:16.546 [info] > git ls-tree -l HEAD -- /home/jmat/elk-docker/docker-compose.yml [5ms]
2023-06-14 22:14:16.548 [info] > git ls-files --stage -- /home/jmat/elk-docker/docker-compose.yml [3ms]
2023-06-14 22:14:16.554 [info] > git cat-file -s 7b7cd086e158dfa58508bc5eeefddd3a7d7ac12c [1ms]
2023-06-14 22:14:17.115 [info] > git check-ignore -v -z --stdin [1ms]
2023-06-14 22:14:32.074 [info] > git branch [2ms]
2023-06-14 22:14:32.080 [info] > git reset -q HEAD -- /home/jmat/elk-docker/docker-compose.yml [1ms]
2023-06-14 22:14:32.092 [info] > git config --get commit.template [5ms]
2023-06-14 22:14:32.093 [info] > git for-each-ref --format=%(refname)%00%(upstream:short)%00%(objectname)%00%(upstream:track)%00%(upstream:remotename)%00%(upstream:remoteref) refs/heads/master refs/remotes/master [2ms]
2023-06-14 22:14:32.098 [info] > git status -z -uall [1ms]
2023-06-14 22:14:33.268 [info] > git config --get commit.template [5ms]
2023-06-14 22:14:33.268 [info] > git for-each-ref --format=%(refname)%00%(upstream:short)%00%(objectname)%00%(upstream:track)%00%(upstream:remotename)%00%(upstream:remoteref) refs/heads/master refs/remotes/master [1ms]
2023-06-14 22:14:33.274 [info] > git status -z -uall [2ms]
2023-06-14 22:14:35.531 [info] > git add -A -- . [2ms]
2023-06-14 22:14:36.182 [info] > git show --textconv :.git/COMMIT_EDITMSG [5ms]
2023-06-14 22:14:36.183 [info] > git ls-files --stage -- /home/jmat/elk-docker/.git/COMMIT_EDITMSG [1ms]
2023-06-14 22:14:36.777 [info] > git ls-files --stage -- /home/jmat/elk-docker/.git/COMMIT_EDITMSG [1ms]
2023-06-14 22:14:36.793 [info] > git show --textconv :.git/COMMIT_EDITMSG [1ms]
2023-06-14 22:15:23.322 [info] > git fetch [1588ms]
2023-06-14 22:15:23.322 [info] Missing or invalid credentials.
Skip silent fetch commands
2023-06-14 22:15:23.332 [info] > git config --get commit.template [4ms]
2023-06-14 22:15:23.332 [info] > git for-each-ref --format=%(refname)%00%(upstream:short)%00%(objectname)%00%(upstream:track)%00%(upstream:remotename)%00%(upstream:remoteref) refs/heads/main refs/remotes/main [1ms]
2023-06-14 22:15:23.338 [info] > git status -z -uall [1ms]
2023-06-14 22:15:24.426 [info] > git for-each-ref --format=%(refname)%00%(upstream:short)%00%(objectname)%00%(upstream:track)%00%(upstream:remotename)%00%(upstream:remoteref) refs/heads/main refs/remotes/main [2ms]
2023-06-14 22:15:24.426 [info] > git config --get commit.template [6ms]
2023-06-14 22:15:24.431 [info] > git status -z -uall [1ms]
2023-06-14 22:15:51.636 [info] > git show --textconv :.git/COMMIT_EDITMSG [5ms]
2023-06-14 22:15:51.638 [info] > git ls-files --stage -- /home/jmat/UEFI-DataBase-F/.git/COMMIT_EDITMSG [1ms]
2023-06-14 22:15:52.124 [info] > git ls-files --stage -- /home/jmat/UEFI-DataBase-F/.git/COMMIT_EDITMSG [1ms]
2023-06-14 22:15:52.136 [info] > git show --textconv :.git/COMMIT_EDITMSG [1ms]
2023-06-14 22:15:54.421 [info] > git -c user.useConfigOnly=true commit --quiet [78885ms]
2023-06-14 22:15:54.421 [info] Aborting commit due to empty commit message.
2023-06-14 22:15:54.432 [info] > git config --get commit.template [5ms]
2023-06-14 22:15:54.432 [info] > git for-each-ref --format=%(refname)%00%(upstream:short)%00%(objectname)%00%(upstream:track)%00%(upstream:remotename)%00%(upstream:remoteref) refs/heads/master refs/remotes/master [1ms]
2023-06-14 22:15:54.438 [info] > git status -z -uall [1ms]
2023-06-14 22:15:54.452 [info] > git config --get commit.template [4ms]
2023-06-14 22:15:54.453 [info] > git for-each-ref --format=%(refname)%00%(upstream:short)%00%(objectname)%00%(upstream:track)%00%(upstream:remotename)%00%(upstream:remoteref) refs/heads/master refs/remotes/master [1ms]
2023-06-14 22:15:54.458 [info] > git status -z -uall [1ms]
2023-06-14 22:15:56.038 [info] > git -c user.useConfigOnly=true commit --quiet [5250ms]
2023-06-14 22:15:56.038 [info] Aborting commit due to empty commit message.
2023-06-14 22:15:56.048 [info] > git config --get commit.template [5ms]
2023-06-14 22:15:56.048 [info] > git for-each-ref --format=%(refname)%00%(upstream:short)%00%(objectname)%00%(upstream:track)%00%(upstream:remotename)%00%(upstream:remoteref) refs/heads/main refs/remotes/main [1ms]
2023-06-14 22:15:56.053 [info] > git status -z -uall [1ms]
2023-06-14 22:15:59.370 [info] > git show --textconv HEAD:README.md [13ms]
2023-06-14 22:15:59.370 [info] > git show --textconv :README.md [9ms]
2023-06-14 22:15:59.371 [info] > git ls-tree -l HEAD -- /home/jmat/UEFI-DataBase-F/README.md [6ms]
2023-06-14 22:15:59.372 [info] > git ls-files --stage -- /home/jmat/UEFI-DataBase-F/README.md [2ms]
2023-06-14 22:15:59.377 [info] > git cat-file -s 20d5602105d3d0fc7bb2cbcb85ce8ffb853d820c [1ms]
2023-06-14 22:15:59.922 [info] > git check-ignore -v -z --stdin [1ms]
2023-06-14 22:16:07.593 [info] > git show --textconv :.git/COMMIT_EDITMSG [5ms]
2023-06-14 22:16:07.594 [info] > git ls-files --stage -- /home/jmat/UEFI-DataBase-F/.git/COMMIT_EDITMSG [2ms]
2023-06-14 22:16:08.286 [info] > git ls-files --stage -- /home/jmat/UEFI-DataBase-F/README.md [5ms]
2023-06-14 22:16:08.293 [info] > git ls-tree -l HEAD -- /home/jmat/UEFI-DataBase-F/README.md [17ms]
2023-06-14 22:16:08.294 [info] > git cat-file -s 20d5602105d3d0fc7bb2cbcb85ce8ffb853d820c [2ms]
2023-06-14 22:16:08.295 [info] > git ls-files --stage -- /home/jmat/UEFI-DataBase-F/.git/COMMIT_EDITMSG [9ms]
2023-06-14 22:16:08.320 [info] > git show --textconv HEAD:README.md [11ms]
2023-06-14 22:16:08.321 [info] > git show --textconv :README.md [5ms]
2023-06-14 22:16:08.321 [info] > git show --textconv :.git/COMMIT_EDITMSG [1ms]
2023-06-14 22:16:13.194 [info] > git ls-files --stage -- /home/jmat/UEFI-DataBase-F/README.md [2ms]
2023-06-14 22:16:13.199 [info] > git ls-tree -l HEAD -- /home/jmat/UEFI-DataBase-F/README.md [12ms]
2023-06-14 22:16:13.200 [info] > git cat-file -s 20d5602105d3d0fc7bb2cbcb85ce8ffb853d820c [2ms]
2023-06-14 22:16:34.202 [info] > git show --textconv :README.md [5ms]
2023-06-14 22:16:34.203 [info] > git ls-files --stage -- /home/jmat/UEFI-DataBase-F/README.md [2ms]
2023-06-14 22:16:34.208 [info] > git cat-file -s 20d5602105d3d0fc7bb2cbcb85ce8ffb853d820c [1ms]
2023-06-14 22:16:36.759 [info] > git ls-files --stage -- /home/jmat/UEFI-DataBase-F/README.md [2ms]
2023-06-14 22:16:36.764 [info] > git ls-tree -l HEAD -- /home/jmat/UEFI-DataBase-F/README.md [12ms]
2023-06-14 22:16:36.766 [info] > git cat-file -s 20d5602105d3d0fc7bb2cbcb85ce8ffb853d820c [2ms]
2023-06-14 22:16:49.505 [info] > git ls-files --stage -- /home/jmat/UEFI-DataBase-F/README.md [1ms]
2023-06-14 22:16:49.509 [info] > git ls-tree -l HEAD -- /home/jmat/UEFI-DataBase-F/README.md [12ms]
2023-06-14 22:16:49.511 [info] > git cat-file -s 20d5602105d3d0fc7bb2cbcb85ce8ffb853d820c [2ms]
2023-06-14 22:16:59.569 [info] > git ls-files --stage -- /home/jmat/UEFI-DataBase-F/README.md [2ms]
2023-06-14 22:16:59.575 [info] > git ls-tree -l HEAD -- /home/jmat/UEFI-DataBase-F/README.md [14ms]
2023-06-14 22:16:59.576 [info] > git cat-file -s 20d5602105d3d0fc7bb2cbcb85ce8ffb853d820c [1ms]
2023-06-14 22:17:09.376 [info] > git fetch [527ms]
2023-06-14 22:17:09.388 [info] > git config --get commit.template [4ms]
2023-06-14 22:17:09.388 [info] > git for-each-ref --format=%(refname)%00%(upstream:short)%00%(objectname)%00%(upstream:track)%00%(upstream:remotename)%00%(upstream:remoteref) refs/heads/master refs/remotes/master [1ms]
2023-06-14 22:17:09.394 [info] > git status -z -uall [2ms]
2023-06-14 22:17:10.541 [info] > git config --get commit.template [6ms]
2023-06-14 22:17:10.542 [info] > git for-each-ref --format=%(refname)%00%(upstream:short)%00%(objectname)%00%(upstream:track)%00%(upstream:remotename)%00%(upstream:remoteref) refs/heads/master refs/remotes/master [1ms]
2023-06-14 22:17:10.548 [info] > git status -z -uall [1ms]
2023-06-14 22:17:15.564 [info] > git config --get commit.template [6ms]
2023-06-14 22:17:15.565 [info] > git for-each-ref --format=%(refname)%00%(upstream:short)%00%(objectname)%00%(upstream:track)%00%(upstream:remotename)%00%(upstream:remoteref) refs/heads/master refs/remotes/master [1ms]
2023-06-14 22:17:15.571 [info] > git status -z -uall [1ms]
2023-06-14 22:19:58.584 [info] > git log --format=%H%n%aN%n%aE%n%at%n%ct%n%P%n%D%n%B -z -n1013 -- /home/jmat/UEFI-DataBase-F/.git/COMMIT_EDITMSG [1ms]
2023-06-14 22:20:03.411 [info] > git log --format=%H%n%aN%n%aE%n%at%n%ct%n%P%n%D%n%B -z -n947 -- /home/jmat/UEFI-DataBase-F/README.md [3ms]
2023-06-14 22:20:05.686 [info] > git show --textconv :README.md [8ms]
2023-06-14 22:20:05.686 [info] > git ls-files --stage -- /home/jmat/UEFI-DataBase-F/README.md [3ms]
2023-06-14 22:20:05.692 [info] > git ls-tree -l HEAD -- /home/jmat/UEFI-DataBase-F/README.md [19ms]
2023-06-14 22:20:05.693 [info] > git cat-file -s 20d5602105d3d0fc7bb2cbcb85ce8ffb853d820c [2ms]
2023-06-14 22:20:05.785 [info] > git show --textconv HEAD:README.md [2ms]
2023-06-14 22:20:05.819 [info] > git log --format=%H%n%aN%n%aE%n%at%n%ct%n%P%n%D%n%B -z -n947 -- /home/jmat/UEFI-DataBase-F/README.md [2ms]
2023-06-14 22:20:06.258 [info] > git check-ignore -v -z --stdin [1ms]
2023-06-14 22:20:08.359 [info] > git log --format=%H%n%aN%n%aE%n%at%n%ct%n%P%n%D%n%B -z -n947 -- /home/jmat/UEFI-DataBase-F/README.md [3ms]
2023-06-14 22:20:09.917 [info] > git fetch [515ms]
2023-06-14 22:20:09.928 [info] > git config --get commit.template [5ms]
2023-06-14 22:20:09.929 [info] > git for-each-ref --format=%(refname)%00%(upstream:short)%00%(objectname)%00%(upstream:track)%00%(upstream:remotename)%00%(upstream:remoteref) refs/heads/master refs/remotes/master [1ms]
2023-06-14 22:20:09.935 [info] > git status -z -uall [2ms]
2023-06-14 22:20:11.081 [info] > git config --get commit.template [5ms]
2023-06-14 22:20:11.081 [info] > git for-each-ref --format=%(refname)%00%(upstream:short)%00%(objectname)%00%(upstream:track)%00%(upstream:remotename)%00%(upstream:remoteref) refs/heads/master refs/remotes/master [1ms]
2023-06-14 22:20:11.087 [info] > git status -z -uall [1ms]
2023-06-14 22:20:11.675 [info] > git log --format=%H%n%aN%n%aE%n%at%n%ct%n%P%n%D%n%B -z -n969 -- /home/jmat/UEFI-DataBase-F/.git/COMMIT_EDITMSG [2ms]
2023-06-14 22:20:16.802 [info] > git config --get commit.template [5ms]
2023-06-14 22:20:16.813 [info] > git for-each-ref --format=%(refname)%00%(upstream:short)%00%(objectname)%00%(upstream:track)%00%(upstream:remotename)%00%(upstream:remoteref) refs/heads/master refs/remotes/master [1ms]
2023-06-14 22:20:16.824 [info] > git status -z -uall [1ms]
2023-06-14 22:20:16.973 [info] > git -c user.useConfigOnly=true commit --quiet [250016ms]
2023-06-14 22:20:16.973 [info] Aborting commit due to empty commit message.
2023-06-14 22:20:16.983 [info] > git config --get commit.template [5ms]
2023-06-14 22:20:16.984 [info] > git for-each-ref --format=%(refname)%00%(upstream:short)%00%(objectname)%00%(upstream:track)%00%(upstream:remotename)%00%(upstream:remoteref) refs/heads/main refs/remotes/main [1ms]
2023-06-14 22:20:16.989 [info] > git status -z -uall [1ms]
2023-06-14 22:20:18.608 [info] > git fetch [1611ms]
2023-06-14 22:20:18.608 [info] Missing or invalid credentials.
Skip silent fetch commands
2023-06-14 22:20:18.619 [info] > git config --get commit.template [5ms]
2023-06-14 22:20:18.619 [info] > git for-each-ref --format=%(refname)%00%(upstream:short)%00%(objectname)%00%(upstream:track)%00%(upstream:remotename)%00%(upstream:remoteref) refs/heads/main refs/remotes/main [1ms]
2023-06-14 22:20:18.625 [info] > git status -z -uall [1ms]
2023-06-14 22:20:19.683 [info] > git config --get commit.template [5ms]
2023-06-14 22:20:19.684 [info] > git for-each-ref --format=%(refname)%00%(upstream:short)%00%(objectname)%00%(upstream:track)%00%(upstream:remotename)%00%(upstream:remoteref) refs/heads/main refs/remotes/main [2ms]
2023-06-14 22:20:19.689 [info] > git status -z -uall [1ms]
2023-06-14 22:20:24.702 [info] > git config --get commit.template [5ms]
2023-06-14 22:20:24.703 [info] > git for-each-ref --format=%(refname)%00%(upstream:short)%00%(objectname)%00%(upstream:track)%00%(upstream:remotename)%00%(upstream:remoteref) refs/heads/main refs/remotes/main [0ms]
2023-06-14 22:20:24.708 [info] > git status -z -uall [1ms]
2023-06-14 22:20:29.032 [info] > git branch [2ms]
2023-06-14 22:20:29.037 [info] > git reset -q HEAD -- /home/jmat/UEFI-DataBase-F/README.md [1ms]
2023-06-14 22:20:29.049 [info] > git config --get commit.template [5ms]
2023-06-14 22:20:29.050 [info] > git for-each-ref --format=%(refname)%00%(upstream:short)%00%(objectname)%00%(upstream:track)%00%(upstream:remotename)%00%(upstream:remoteref) refs/heads/main refs/remotes/main [2ms]
2023-06-14 22:20:29.055 [info] > git status -z -uall [1ms]
2023-06-14 22:20:30.127 [info] > git config --get commit.template [5ms]
2023-06-14 22:20:30.127 [info] > git for-each-ref --format=%(refname)%00%(upstream:short)%00%(objectname)%00%(upstream:track)%00%(upstream:remotename)%00%(upstream:remoteref) refs/heads/main refs/remotes/main [1ms]
2023-06-14 22:20:30.136 [info] > git status -z -uall [1ms]
2023-06-14 22:20:31.329 [info] > git add -A -- /home/jmat/UEFI-DataBase-F/README.md [2ms]
2023-06-14 22:20:31.339 [info] > git config --get commit.template [5ms]
2023-06-14 22:20:31.340 [info] > git for-each-ref --format=%(refname)%00%(upstream:short)%00%(objectname)%00%(upstream:track)%00%(upstream:remotename)%00%(upstream:remoteref) refs/heads/main refs/remotes/main [1ms]
2023-06-14 22:20:31.345 [info] > git status -z -uall [1ms]
2023-06-14 22:20:32.423 [info] > git branch [2ms]
2023-06-14 22:20:32.429 [info] > git reset -q HEAD -- /home/jmat/UEFI-DataBase-F/README.md [2ms]
2023-06-14 22:20:32.435 [info] > git config --get commit.template [1ms]
2023-06-14 22:20:32.440 [info] > git for-each-ref --format=%(refname)%00%(upstream:short)%00%(objectname)%00%(upstream:track)%00%(upstream:remotename)%00%(upstream:remoteref) refs/heads/main refs/remotes/main [1ms]
2023-06-14 22:20:32.445 [info] > git status -z -uall [1ms]
2023-06-14 22:20:35.150 [info] > git config --get commit.template [5ms]
2023-06-14 22:20:35.151 [info] > git for-each-ref --format=%(refname)%00%(upstream:short)%00%(objectname)%00%(upstream:track)%00%(upstream:remotename)%00%(upstream:remoteref) refs/heads/main refs/remotes/main [1ms]
2023-06-14 22:20:35.156 [info] > git status -z -uall [1ms]
2023-06-14 22:20:35.377 [info] > git show --textconv :.git/COMMIT_EDITMSG [5ms]
2023-06-14 22:20:35.378 [info] > git ls-files --stage -- /home/jmat/elk-docker/.git/COMMIT_EDITMSG [1ms]
2023-06-14 22:20:36.365 [info] > git ls-files --stage -- /home/jmat/elk-docker/.git/COMMIT_EDITMSG [1ms]
2023-06-14 22:20:36.398 [info] > git show --textconv :.git/COMMIT_EDITMSG [1ms]
2023-06-14 22:20:44.974 [info] > git add -A -- . [2ms]
2023-06-14 22:20:44.983 [info] > git -c user.useConfigOnly=true commit --quiet --allow-empty-message --file - [4ms]
2023-06-14 22:20:44.989 [info] > git config --get commit.template [1ms]
2023-06-14 22:20:44.999 [info] > git config --get commit.template [5ms]
2023-06-14 22:20:44.999 [info] > git for-each-ref --format=%(refname)%00%(upstream:short)%00%(objectname)%00%(upstream:track)%00%(upstream:remotename)%00%(upstream:remoteref) refs/heads/main refs/remotes/main [1ms]
2023-06-14 22:20:45.004 [info] > git status -z -uall [1ms]
2023-06-14 22:20:45.352 [info] > git config --get commit.template [5ms]
2023-06-14 22:20:45.353 [info] > git for-each-ref --format=%(refname)%00%(upstream:short)%00%(objectname)%00%(upstream:track)%00%(upstream:remotename)%00%(upstream:remoteref) refs/heads/main refs/remotes/main [1ms]
2023-06-14 22:20:45.358 [info] > git status -z -uall [1ms]
2023-06-14 22:20:47.284 [info] > git config --get commit.template [5ms]
2023-06-14 22:20:47.285 [info] > git for-each-ref --format=%(refname)%00%(upstream:short)%00%(objectname)%00%(upstream:track)%00%(upstream:remotename)%00%(upstream:remoteref) refs/heads/main refs/remotes/main [2ms]
2023-06-14 22:20:47.290 [info] > git status -z -uall [1ms]
2023-06-14 22:20:47.309 [info] > git log --oneline --cherry main...main@{upstream} -- [2ms]
2023-06-14 22:20:55.619 [info] > git pull --tags origin main [8305ms]
2023-06-14 22:20:55.619 [info] From github.com:fasheezy/UEFI-DataBase-F
 * branch            main       -> FETCH_HEAD
2023-06-14 22:21:06.857 [info] > git push origin main:main [11233ms]
2023-06-14 22:21:06.857 [info] ERROR: Permission to fasheezy/UEFI-DataBase-F.git denied to deploy key
fatal: Could not read from remote repository.

Please make sure you have the correct access rights
and the repository exists.
2023-06-14 22:21:12.978 [info] > git config --get commit.template [1ms]
2023-06-14 22:21:12.984 [info] > git for-each-ref --format=%(refname)%00%(upstream:short)%00%(objectname)%00%(upstream:track)%00%(upstream:remotename)%00%(upstream:remoteref) refs/heads/main refs/remotes/main [1ms]
2023-06-14 22:21:12.989 [info] > git status -z -uall [1ms]
2023-06-14 22:21:15.960 [info] > git log --oneline --cherry main...main@{upstream} -- [1ms]
2023-06-14 22:30:30.378 [info] > git pull --tags origin main [554412ms]
2023-06-14 22:30:30.378 [info] Received disconnect from 192.30.255.113 port 22:11: Bye Bye
Disconnected from 192.30.255.113 port 22
fatal: Could not read from remote repository.

Please make sure you have the correct access rights
and the repository exists.
2023-06-14 22:30:30.385 [info] > git config --get commit.template [2ms]
2023-06-14 22:30:30.390 [info] > git for-each-ref --format=%(refname)%00%(upstream:short)%00%(objectname)%00%(upstream:track)%00%(upstream:remotename)%00%(upstream:remoteref) refs/heads/main refs/remotes/main [1ms]
2023-06-14 22:30:30.395 [info] > git status -z -uall [1ms]
2023-06-14 22:30:31.972 [info] > git fetch [1570ms]
2023-06-14 22:30:31.972 [info] Missing or invalid credentials.
Skip silent fetch commands
2023-06-14 22:30:31.980 [info] > git config --get commit.template [2ms]
2023-06-14 22:30:31.986 [info] > git for-each-ref --format=%(refname)%00%(upstream:short)%00%(objectname)%00%(upstream:track)%00%(upstream:remotename)%00%(upstream:remoteref) refs/heads/main refs/remotes/main [1ms]
2023-06-14 22:30:31.992 [info] > git status -z -uall [1ms]
2023-06-14 22:30:33.666 [info] > git config --get commit.template [4ms]
2023-06-14 22:30:33.667 [info] > git for-each-ref --format=%(refname)%00%(upstream:short)%00%(objectname)%00%(upstream:track)%00%(upstream:remotename)%00%(upstream:remoteref) refs/heads/main refs/remotes/main [1ms]
2023-06-14 22:30:33.672 [info] > git status -z -uall [1ms]
2023-06-14 22:30:44.616 [info] > git log --format=%H%n%aN%n%aE%n%at%n%ct%n%P%n%D%n%B -z -n1013 -- /home/jmat/elk-docker/.git/COMMIT_EDITMSG [6ms]
2023-06-14 22:44:16.557 [info] > git fetch [1375ms]
2023-06-14 22:44:16.557 [info] Missing or invalid credentials.
Skip silent fetch commands
2023-06-14 22:44:16.567 [info] > git config --get commit.template [4ms]
2023-06-14 22:44:16.568 [info] > git for-each-ref --format=%(refname)%00%(upstream:short)%00%(objectname)%00%(upstream:track)%00%(upstream:remotename)%00%(upstream:remoteref) refs/heads/main refs/remotes/main [1ms]
2023-06-14 22:44:16.573 [info] > git status -z -uall [1ms]
2023-06-14 22:44:17.606 [info] > git config --get commit.template [2ms]
2023-06-14 22:44:17.611 [info] > git for-each-ref --format=%(refname)%00%(upstream:short)%00%(objectname)%00%(upstream:track)%00%(upstream:remotename)%00%(upstream:remoteref) refs/heads/main refs/remotes/main [2ms]
2023-06-14 22:44:17.616 [info] > git status -z -uall [1ms]
2023-06-14 22:45:08.926 [info] > git -c user.useConfigOnly=true commit --quiet [1474223ms]
2023-06-14 22:45:08.926 [info] Aborting commit due to empty commit message.
2023-06-14 22:45:08.936 [info] > git config --get commit.template [4ms]
2023-06-14 22:45:08.936 [info] > git for-each-ref --format=%(refname)%00%(upstream:short)%00%(objectname)%00%(upstream:track)%00%(upstream:remotename)%00%(upstream:remoteref) refs/heads/master refs/remotes/master [1ms]
2023-06-14 22:45:08.941 [info] > git status -z -uall [1ms]
2023-06-14 22:45:09.402 [info] > git fetch [453ms]
2023-06-14 22:45:09.412 [info] > git config --get commit.template [4ms]
2023-06-14 22:45:09.413 [info] > git for-each-ref --format=%(refname)%00%(upstream:short)%00%(objectname)%00%(upstream:track)%00%(upstream:remotename)%00%(upstream:remoteref) refs/heads/master refs/remotes/master [1ms]
2023-06-14 22:45:09.418 [info] > git status -z -uall [1ms]
2023-06-14 22:45:10.570 [info] > git config --get commit.template [6ms]
2023-06-14 22:45:10.570 [info] > git for-each-ref --format=%(refname)%00%(upstream:short)%00%(objectname)%00%(upstream:track)%00%(upstream:remotename)%00%(upstream:remoteref) refs/heads/master refs/remotes/master [1ms]
2023-06-14 22:45:10.577 [info] > git status -z -uall [2ms]
2023-06-14 22:45:20.431 [info] > git show --textconv :.git/COMMIT_EDITMSG [7ms]
2023-06-14 22:45:20.432 [info] > git ls-files --stage -- /home/jmat/elk-docker/.git/COMMIT_EDITMSG [2ms]
2023-06-14 22:45:21.112 [info] > git ls-files --stage -- /home/jmat/elk-docker/.git/COMMIT_EDITMSG [1ms]
2023-06-14 22:45:21.162 [info] > git show --textconv :.git/COMMIT_EDITMSG [1ms]
2023-06-14 22:47:18.226 [info] > git fetch [1645ms]
2023-06-14 22:47:18.226 [info] Missing or invalid credentials.
Skip silent fetch commands
2023-06-14 22:47:18.237 [info] > git config --get commit.template [5ms]
2023-06-14 22:47:18.238 [info] > git for-each-ref --format=%(refname)%00%(upstream:short)%00%(objectname)%00%(upstream:track)%00%(upstream:remotename)%00%(upstream:remoteref) refs/heads/main refs/remotes/main [2ms]
2023-06-14 22:47:18.243 [info] > git status -z -uall [1ms]
2023-06-14 22:47:24.068 [info] > git log --oneline --cherry main...main@{upstream} -- [2ms]
